#
# There is insufficient memory for the Java Runtime Environment to continue.
# Native memory allocation (malloc) failed to allocate 126256 bytes. Error detail: Chunk::new
# Possible reasons:
#   The system is out of physical RAM or swap space
#   This process is running with CompressedOops enabled, and the Java Heap may be blocking the growth of the native heap
# Possible solutions:
#   Reduce memory load on the system
#   Increase physical memory or swap space
#   Check if swap backing store is full
#   Decrease Java heap size (-Xmx/-Xms)
#   Decrease number of Java threads
#   Decrease Java thread stack sizes (-Xss)
#   Set larger code cache with -XX:ReservedCodeCacheSize=
#   JVM is running with Unscaled Compressed Oops mode in which the Java heap is
#     placed in the first 4GB address space. The Java Heap base address is the
#     maximum limit for the native heap growth. Please use -XX:HeapBaseMinAddress
#     to set the Java Heap base and to place the Java Heap above 4GB virtual address.
# This output file may be truncated or incomplete.
#
#  Out of Memory Error (arena.cpp:168), pid=27444, tid=17924
#
# JRE version: OpenJDK Runtime Environment Temurin-21.0.10+7 (21.0.10+7) (build 21.0.10+7-LTS)
# Java VM: OpenJDK 64-Bit Server VM Temurin-21.0.10+7 (21.0.10+7-LTS, mixed mode, sharing, tiered, compressed oops, compressed class ptrs, parallel gc, windows-amd64)
# No core dump will be written. Minidumps are not enabled by default on client versions of Windows
#

---------------  S U M M A R Y ------------

Command Line: --add-modules=ALL-SYSTEM --add-opens=java.base/java.util=ALL-UNNAMED --add-opens=java.base/java.lang=ALL-UNNAMED --add-opens=java.base/sun.nio.fs=ALL-UNNAMED -Declipse.application=org.eclipse.jdt.ls.core.id1 -Dosgi.bundles.defaultStartLevel=4 -Declipse.product=org.eclipse.jdt.ls.core.product -Djava.import.generatesMetadataFilesAtProjectRoot=false -DDetectVMInstallationsJob.disabled=true -Dfile.encoding=utf8 -XX:+UseParallelGC -XX:GCTimeRatio=4 -XX:AdaptiveSizePolicyWeight=90 -Dsun.zip.disableMemoryMapping=true -Xmx2G -Xms100m -Xlog:disable -javaagent:c:\Users\jhame\.vscode\extensions\redhat.java-1.53.0-win32-x64\lombok\lombok-1.18.39-4050.jar -XX:+HeapDumpOnOutOfMemoryError -XX:HeapDumpPath=c:\Users\jhame\AppData\Roaming\Code\User\workspaceStorage\3768297715c186dd486f6bcece552bda\redhat.java -Daether.dependencyCollector.impl=bf c:\Users\jhame\.vscode\extensions\redhat.java-1.53.0-win32-x64\server\plugins\org.eclipse.equinox.launcher_1.7.100.v20251111-0406.jar -configuration c:\Users\jhame\AppData\Roaming\Code\User\globalStorage\redhat.java\1.53.0\config_win -data c:\Users\jhame\AppData\Roaming\Code\User\workspaceStorage\3768297715c186dd486f6bcece552bda\redhat.java\jdt_ws --pipe=\\.\pipe\lsp-3baedbdf61d6ef22ef78b045ac9a9330-sock

Host: 12th Gen Intel(R) Core(TM) i5-12450H, 12 cores, 7G,  Windows 11 , 64 bit Build 26100 (10.0.26100.7705)
Time: Thu Mar 12 17:37:45 2026 Malay Peninsula Standard Time elapsed time: 4.678789 seconds (0d 0h 0m 4s)

---------------  T H R E A D  ---------------

Current thread (0x000001e559bd89c0):  JavaThread "C2 CompilerThread0" daemon [_thread_in_native, id=17924, stack(0x00000043d3000000,0x00000043d3100000) (1024K)]


Current CompileTask:
C2:4678 1287       4       java.io.DataInputStream::readUTF (501 bytes)

Stack: [0x00000043d3000000,0x00000043d3100000]
Native frames: (J=compiled Java code, j=interpreted, Vv=VM code, C=native code)
V  [jvm.dll+0x6d7a39]
V  [jvm.dll+0x8b4b26]
V  [jvm.dll+0x8b70de]
V  [jvm.dll+0x8b77c3]
V  [jvm.dll+0x284346]
V  [jvm.dll+0xc66ed]
V  [jvm.dll+0xc6c31]
V  [jvm.dll+0x3bec01]
V  [jvm.dll+0x1e396e]
V  [jvm.dll+0x24c6b3]
V  [jvm.dll+0x24bb40]
V  [jvm.dll+0x1cb34e]
V  [jvm.dll+0x25b85d]
V  [jvm.dll+0x259dea]
V  [jvm.dll+0x3f857e]
V  [jvm.dll+0x85f59d]
V  [jvm.dll+0x6d626d]
C  [ucrtbase.dll+0x37b0]
C  [KERNEL32.DLL+0x2e8d7]
C  [ntdll.dll+0x8c40c]


---------------  P R O C E S S  ---------------

Threads class SMR info:
_java_thread_list=0x000001e559f5f160, length=11, elements={
0x000001e57f6dd6e0, 0x000001e57f786400, 0x000001e57f787ad0, 0x000001e57f78a300,
0x000001e57f78af60, 0x000001e57f78dad0, 0x000001e57f78e530, 0x000001e559bd89c0,
0x000001e559c41bb0, 0x000001e559d86cf0, 0x000001e559f5c420
}

Java Threads: ( => current thread )
  0x000001e57f6dd6e0 JavaThread "main"                              [_thread_in_native, id=30480, stack(0x00000043d2600000,0x00000043d2700000) (1024K)]
  0x000001e57f786400 JavaThread "Reference Handler"          daemon [_thread_blocked, id=30328, stack(0x00000043d2a00000,0x00000043d2b00000) (1024K)]
  0x000001e57f787ad0 JavaThread "Finalizer"                  daemon [_thread_blocked, id=16800, stack(0x00000043d2b00000,0x00000043d2c00000) (1024K)]
  0x000001e57f78a300 JavaThread "Signal Dispatcher"          daemon [_thread_blocked, id=22464, stack(0x00000043d2c00000,0x00000043d2d00000) (1024K)]
  0x000001e57f78af60 JavaThread "Attach Listener"            daemon [_thread_blocked, id=23528, stack(0x00000043d2d00000,0x00000043d2e00000) (1024K)]
  0x000001e57f78dad0 JavaThread "Service Thread"             daemon [_thread_blocked, id=11460, stack(0x00000043d2e00000,0x00000043d2f00000) (1024K)]
  0x000001e57f78e530 JavaThread "Monitor Deflation Thread"   daemon [_thread_blocked, id=24984, stack(0x00000043d2f00000,0x00000043d3000000) (1024K)]
=>0x000001e559bd89c0 JavaThread "C2 CompilerThread0"         daemon [_thread_in_native, id=17924, stack(0x00000043d3000000,0x00000043d3100000) (1024K)]
  0x000001e559c41bb0 JavaThread "C1 CompilerThread0"         daemon [_thread_blocked, id=30020, stack(0x00000043d3100000,0x00000043d3200000) (1024K)]
  0x000001e559d86cf0 JavaThread "Common-Cleaner"             daemon [_thread_blocked, id=28992, stack(0x00000043d3200000,0x00000043d3300000) (1024K)]
  0x000001e559f5c420 JavaThread "Notification Thread"        daemon [_thread_blocked, id=19044, stack(0x00000043d3300000,0x00000043d3400000) (1024K)]
Total: 11

Other Threads:
  0x000001e57f781950 VMThread "VM Thread"                           [id=28740, stack(0x00000043d2900000,0x00000043d2a00000) (1024K)]
  0x000001e51762ca00 WatcherThread "VM Periodic Task Thread"        [id=28656, stack(0x00000043d2800000,0x00000043d2900000) (1024K)]
  0x000001e57f6fca80 WorkerThread "GC Thread#0"                     [id=30028, stack(0x00000043d2700000,0x00000043d2800000) (1024K)]
  0x000001e55f2eca30 WorkerThread "GC Thread#1"                     [id=29764, stack(0x00000043d3400000,0x00000043d3500000) (1024K)]
  0x000001e55f0d3420 WorkerThread "GC Thread#2"                     [id=20664, stack(0x00000043d3500000,0x00000043d3600000) (1024K)]
  0x000001e55f0d37d0 WorkerThread "GC Thread#3"                     [id=5064, stack(0x00000043d3600000,0x00000043d3700000) (1024K)]
  0x000001e55f0d3b80 WorkerThread "GC Thread#4"                     [id=25460, stack(0x00000043d3700000,0x00000043d3800000) (1024K)]
  0x000001e55f64c1c0 WorkerThread "GC Thread#5"                     [id=6464, stack(0x00000043d3800000,0x00000043d3900000) (1024K)]
  0x000001e55f64c570 WorkerThread "GC Thread#6"                     [id=6300, stack(0x00000043d3900000,0x00000043d3a00000) (1024K)]
Total: 9

Threads with active compile tasks:
C2 CompilerThread0  4707 1287       4       java.io.DataInputStream::readUTF (501 bytes)
Total: 1

VM state: not at safepoint (normal execution)

VM Mutex/Monitor currently owned by a thread: None

Heap address: 0x0000000080000000, size: 2048 MB, Compressed Oops mode: 32-bit

CDS archive(s) mapped at: [0x000001e518000000-0x000001e518ba0000-0x000001e518ba0000), size 12189696, SharedBaseAddress: 0x000001e518000000, ArchiveRelocationMode: 1.
Compressed class space mapped at: 0x000001e519000000-0x000001e559000000, reserved size: 1073741824
Narrow klass base: 0x000001e518000000, Narrow klass shift: 0, Narrow klass range: 0x100000000

GC Precious Log:
 CardTable entry size: 512
 CPUs: 12 total, 12 available
 Memory: 7896M
 Large Page Support: Disabled
 NUMA Support: Disabled
 Compressed Oops: Enabled (32-bit)
 Alignments: Space 512K, Generation 512K, Heap 2M
 Heap Min Capacity: 100M
 Heap Initial Capacity: 100M
 Heap Max Capacity: 2G
 Pre-touch: Disabled
 Parallel Workers: 10

Heap:
 PSYoungGen      total 29696K, used 12107K [0x00000000d5580000, 0x00000000d7680000, 0x0000000100000000)
  eden space 25600K, 34% used [0x00000000d5580000,0x00000000d5e12e80,0x00000000d6e80000)
  from space 4096K, 81% used [0x00000000d6e80000,0x00000000d71c0158,0x00000000d7280000)
  to   space 4096K, 0% used [0x00000000d7280000,0x00000000d7280000,0x00000000d7680000)
 ParOldGen       total 68608K, used 16K [0x0000000080000000, 0x0000000084300000, 0x00000000d5580000)
  object space 68608K, 0% used [0x0000000080000000,0x0000000080004000,0x0000000084300000)
 Metaspace       used 6012K, committed 6272K, reserved 1114112K
  class space    used 618K, committed 768K, reserved 1048576K

Card table byte_map: [0x000001e57f080000,0x000001e57f490000] _byte_map_base: 0x000001e57ec80000

Marking Bits: (ParMarkBitMap*) 0x00007ffe78da3450
 Begin Bits: [0x000001e513550000, 0x000001e515550000)
 End Bits:   [0x000001e515550000, 0x000001e517550000)

Polling page: 0x000001e57e900000

Metaspace:

Usage:
  Non-class:      5.27 MB used.
      Class:    618.62 KB used.
       Both:      5.87 MB used.

Virtual space:
  Non-class space:       64.00 MB reserved,       5.38 MB (  8%) committed,  1 nodes.
      Class space:        1.00 GB reserved,     768.00 KB ( <1%) committed,  1 nodes.
             Both:        1.06 GB reserved,       6.12 MB ( <1%) committed. 

Chunk freelists:
   Non-Class:  10.08 MB
       Class:  15.08 MB
        Both:  25.16 MB

MaxMetaspaceSize: unlimited
CompressedClassSpaceSize: 1.00 GB
Initial GC threshold: 21.00 MB
Current GC threshold: 21.00 MB
CDS: on
 - commit_granule_bytes: 65536.
 - commit_granule_words: 8192.
 - virtual_space_node_default_size: 8388608.
 - enlarge_chunks_in_place: 1.
 - use_allocation_guard: 0.


Internal statistics:

num_allocs_failed_limit: 0.
num_arena_births: 190.
num_arena_deaths: 0.
num_vsnodes_births: 2.
num_vsnodes_deaths: 0.
num_space_committed: 98.
num_space_uncommitted: 0.
num_chunks_returned_to_freelist: 0.
num_chunks_taken_from_freelist: 313.
num_chunk_merges: 0.
num_chunk_splits: 200.
num_chunks_enlarged: 125.
num_inconsistent_stats: 0.

CodeHeap 'non-profiled nmethods': size=120000Kb used=488Kb max_used=488Kb free=119511Kb
 bounds [0x000001e50c020000, 0x000001e50c290000, 0x000001e513550000]
CodeHeap 'profiled nmethods': size=120000Kb used=2226Kb max_used=2226Kb free=117773Kb
 bounds [0x000001e504550000, 0x000001e5047c0000, 0x000001e50ba80000]
CodeHeap 'non-nmethods': size=5760Kb used=1205Kb max_used=1218Kb free=4554Kb
 bounds [0x000001e50ba80000, 0x000001e50bcf0000, 0x000001e50c020000]
CodeCache: size=245760Kb, used=3919Kb, max_used=3932Kb, free=241838Kb
 total_blobs=1785, nmethods=1314, adapters=378, full_count=0
Compilation: enabled, stopped_count=0, restarted_count=0

Compilation events (20 events):
Event: 4.654 Thread 0x000001e559c41bb0 nmethod 1303 0x000001e504767390 code [0x000001e504767540, 0x000001e504767720]
Event: 4.654 Thread 0x000001e559c41bb0 1304       3       org.eclipse.osgi.container.ModuleDatabase$Persistence::readString (7 bytes)
Event: 4.655 Thread 0x000001e559c41bb0 nmethod 1304 0x000001e504767810 code [0x000001e5047679c0, 0x000001e504767ae0]
Event: 4.655 Thread 0x000001e559c41bb0 1305       3       org.eclipse.osgi.container.ModuleDatabase$Persistence::readMapValue (111 bytes)
Event: 4.656 Thread 0x000001e559c41bb0 nmethod 1305 0x000001e504767b90 code [0x000001e504767f20, 0x000001e504769278]
Event: 4.656 Thread 0x000001e559c41bb0 1307       3       org.eclipse.osgi.container.ModuleDatabase$Persistence::readMap (118 bytes)
Event: 4.659 Thread 0x000001e559c41bb0 nmethod 1307 0x000001e504769990 code [0x000001e504769d40, 0x000001e50476b2c8]
Event: 4.659 Thread 0x000001e559c41bb0 1309       3       org.eclipse.osgi.container.ModuleDatabase$Persistence::readVersion0 (96 bytes)
Event: 4.661 Thread 0x000001e559c41bb0 nmethod 1309 0x000001e50476bc10 code [0x000001e50476c060, 0x000001e50476de80]
Event: 4.661 Thread 0x000001e559c41bb0 1308       3       org.eclipse.osgi.container.ModuleDatabase$Persistence::readVersion (7 bytes)
Event: 4.661 Thread 0x000001e559c41bb0 nmethod 1308 0x000001e50476e890 code [0x000001e50476ea40, 0x000001e50476eb60]
Event: 4.661 Thread 0x000001e559c41bb0 1306       3       org.eclipse.osgi.container.ModuleDatabase$Persistence::readIndexedMap (16 bytes)
Event: 4.662 Thread 0x000001e559c41bb0 nmethod 1306 0x000001e50476ec10 code [0x000001e50476ee40, 0x000001e50476f538]
Event: 4.662 Thread 0x000001e559c41bb0 1310       3       java.util.Collections::unmodifiableMap (22 bytes)
Event: 4.662 Thread 0x000001e559c41bb0 nmethod 1310 0x000001e50476f890 code [0x000001e50476fa80, 0x000001e50476fed0]
Event: 4.662 Thread 0x000001e559c41bb0 1313       3       org.eclipse.osgi.container.ModuleDatabase$Persistence::readListValue (97 bytes)
Event: 4.664 Thread 0x000001e559c41bb0 nmethod 1313 0x000001e504770090 code [0x000001e504770400, 0x000001e5047716d0]
Event: 4.669 Thread 0x000001e559c41bb0 1317       3       org.eclipse.osgi.container.ModuleDatabase$Persistence::readList (78 bytes)
Event: 4.671 Thread 0x000001e559c41bb0 nmethod 1317 0x000001e504771e10 code [0x000001e504772140, 0x000001e5047732e8]
Event: 4.675 Thread 0x000001e559c41bb0 1318       3       sun.net.www.protocol.jar.Handler::checkNestedProtocol (18 bytes)

GC Heap History (2 events):
Event: 4.015 GC heap before
{Heap before GC invocations=1 (full 0):
 PSYoungGen      total 29696K, used 25600K [0x00000000d5580000, 0x00000000d7680000, 0x0000000100000000)
  eden space 25600K, 100% used [0x00000000d5580000,0x00000000d6e80000,0x00000000d6e80000)
  from space 4096K, 0% used [0x00000000d7280000,0x00000000d7280000,0x00000000d7680000)
  to   space 4096K, 0% used [0x00000000d6e80000,0x00000000d6e80000,0x00000000d7280000)
 ParOldGen       total 68608K, used 0K [0x0000000080000000, 0x0000000084300000, 0x00000000d5580000)
  object space 68608K, 0% used [0x0000000080000000,0x0000000080000000,0x0000000084300000)
 Metaspace       used 4360K, committed 4608K, reserved 1114112K
  class space    used 474K, committed 576K, reserved 1048576K
}
Event: 4.048 GC heap after
{Heap after GC invocations=1 (full 0):
 PSYoungGen      total 29696K, used 3328K [0x00000000d5580000, 0x00000000d7680000, 0x0000000100000000)
  eden space 25600K, 0% used [0x00000000d5580000,0x00000000d5580000,0x00000000d6e80000)
  from space 4096K, 81% used [0x00000000d6e80000,0x00000000d71c0158,0x00000000d7280000)
  to   space 4096K, 0% used [0x00000000d7280000,0x00000000d7280000,0x00000000d7680000)
 ParOldGen       total 68608K, used 16K [0x0000000080000000, 0x0000000084300000, 0x00000000d5580000)
  object space 68608K, 0% used [0x0000000080000000,0x0000000080004000,0x0000000084300000)
 Metaspace       used 4360K, committed 4608K, reserved 1114112K
  class space    used 474K, committed 576K, reserved 1048576K
}

Dll operation events (8 events):
Event: 0.243 Loaded shared library c:\Users\jhame\.vscode\extensions\redhat.java-1.53.0-win32-x64\jre\21.0.10-win32-x86_64\bin\java.dll
Event: 0.919 Loaded shared library c:\Users\jhame\.vscode\extensions\redhat.java-1.53.0-win32-x64\jre\21.0.10-win32-x86_64\bin\zip.dll
Event: 1.020 Loaded shared library C:\Users\jhame\.vscode\extensions\redhat.java-1.53.0-win32-x64\jre\21.0.10-win32-x86_64\bin\instrument.dll
Event: 1.044 Loaded shared library C:\Users\jhame\.vscode\extensions\redhat.java-1.53.0-win32-x64\jre\21.0.10-win32-x86_64\bin\net.dll
Event: 1.070 Loaded shared library C:\Users\jhame\.vscode\extensions\redhat.java-1.53.0-win32-x64\jre\21.0.10-win32-x86_64\bin\nio.dll
Event: 1.076 Loaded shared library C:\Users\jhame\.vscode\extensions\redhat.java-1.53.0-win32-x64\jre\21.0.10-win32-x86_64\bin\zip.dll
Event: 1.177 Loaded shared library C:\Users\jhame\.vscode\extensions\redhat.java-1.53.0-win32-x64\jre\21.0.10-win32-x86_64\bin\jimage.dll
Event: 1.738 Loaded shared library c:\Users\jhame\.vscode\extensions\redhat.java-1.53.0-win32-x64\jre\21.0.10-win32-x86_64\bin\verify.dll

Deoptimization events (20 events):
Event: 4.198 Thread 0x000001e57f6dd6e0 Uncommon trap: trap_request=0xffffff45 fr.pc=0x000001e50c07a358 relative=0x00000000000009d8
Event: 4.198 Thread 0x000001e57f6dd6e0 Uncommon trap: reason=unstable_if action=reinterpret pc=0x000001e50c07a358 method=java.util.HashMap.hash(Ljava/lang/Object;)I @ 1 c2
Event: 4.198 Thread 0x000001e57f6dd6e0 DEOPT PACKING pc=0x000001e50c07a358 sp=0x00000043d26fea20
Event: 4.198 Thread 0x000001e57f6dd6e0 DEOPT UNPACKING pc=0x000001e50bad3aa2 sp=0x00000043d26fe9a0 mode 2
Event: 4.198 Thread 0x000001e57f6dd6e0 Uncommon trap: trap_request=0xffffff45 fr.pc=0x000001e50c08fc38 relative=0x0000000000000278
Event: 4.198 Thread 0x000001e57f6dd6e0 Uncommon trap: reason=unstable_if action=reinterpret pc=0x000001e50c08fc38 method=java.util.HashMap.hash(Ljava/lang/Object;)I @ 1 c2
Event: 4.198 Thread 0x000001e57f6dd6e0 DEOPT PACKING pc=0x000001e50c08fc38 sp=0x00000043d26fe950
Event: 4.198 Thread 0x000001e57f6dd6e0 DEOPT UNPACKING pc=0x000001e50bad3aa2 sp=0x00000043d26fe7e8 mode 2
Event: 4.204 Thread 0x000001e57f6dd6e0 Uncommon trap: trap_request=0xffffff45 fr.pc=0x000001e50c080abc relative=0x000000000000027c
Event: 4.204 Thread 0x000001e57f6dd6e0 Uncommon trap: reason=unstable_if action=reinterpret pc=0x000001e50c080abc method=java.util.HashMap.hash(Ljava/lang/Object;)I @ 1 c2
Event: 4.204 Thread 0x000001e57f6dd6e0 DEOPT PACKING pc=0x000001e50c080abc sp=0x00000043d26fe8c0
Event: 4.204 Thread 0x000001e57f6dd6e0 DEOPT UNPACKING pc=0x000001e50bad3aa2 sp=0x00000043d26fe7c8 mode 2
Event: 4.204 Thread 0x000001e57f6dd6e0 Uncommon trap: trap_request=0xffffff45 fr.pc=0x000001e50c0688d0 relative=0x00000000000000b0
Event: 4.204 Thread 0x000001e57f6dd6e0 Uncommon trap: reason=unstable_if action=reinterpret pc=0x000001e50c0688d0 method=java.util.HashMap.hash(Ljava/lang/Object;)I @ 1 c2
Event: 4.204 Thread 0x000001e57f6dd6e0 DEOPT PACKING pc=0x000001e50c0688d0 sp=0x00000043d26fe970
Event: 4.204 Thread 0x000001e57f6dd6e0 DEOPT UNPACKING pc=0x000001e50bad3aa2 sp=0x00000043d26fe908 mode 2
Event: 4.486 Thread 0x000001e57f6dd6e0 Uncommon trap: trap_request=0xffffff45 fr.pc=0x000001e50c067c78 relative=0x0000000000000198
Event: 4.486 Thread 0x000001e57f6dd6e0 Uncommon trap: reason=unstable_if action=reinterpret pc=0x000001e50c067c78 method=java.lang.invoke.VarHandle.checkAccessModeThenIsDirect(Ljava/lang/invoke/VarHandle$AccessDescriptor;)Z @ 4 c2
Event: 4.486 Thread 0x000001e57f6dd6e0 DEOPT PACKING pc=0x000001e50c067c78 sp=0x00000043d26fe950
Event: 4.486 Thread 0x000001e57f6dd6e0 DEOPT UNPACKING pc=0x000001e50bad3aa2 sp=0x00000043d26fe8a8 mode 2

Classes loaded (20 events):
Event: 4.583 Loading class java/util/AbstractQueue done
Event: 4.583 Loading class java/util/concurrent/SynchronousQueue done
Event: 4.584 Loading class java/util/concurrent/SynchronousQueue$Transferer
Event: 4.584 Loading class java/util/concurrent/LinkedTransferQueue
Event: 4.585 Loading class java/util/concurrent/TransferQueue
Event: 4.585 Loading class java/util/concurrent/TransferQueue done
Event: 4.585 Loading class java/util/concurrent/LinkedTransferQueue done
Event: 4.586 Loading class java/util/concurrent/SynchronousQueue$Transferer done
Event: 4.586 Loading class java/util/concurrent/LinkedTransferQueue$DualNode
Event: 4.586 Loading class java/util/concurrent/LinkedTransferQueue$DualNode done
Event: 4.588 Loading class java/util/concurrent/RejectedExecutionHandler
Event: 4.589 Loading class java/util/concurrent/RejectedExecutionHandler done
Event: 4.589 Loading class java/util/concurrent/LinkedBlockingQueue
Event: 4.589 Loading class java/util/concurrent/LinkedBlockingQueue done
Event: 4.589 Loading class java/util/concurrent/LinkedBlockingQueue$Node
Event: 4.590 Loading class java/util/concurrent/LinkedBlockingQueue$Node done
Event: 4.619 Loading class java/util/concurrent/Semaphore$NonfairSync
Event: 4.620 Loading class java/util/concurrent/Semaphore$Sync
Event: 4.620 Loading class java/util/concurrent/Semaphore$Sync done
Event: 4.620 Loading class java/util/concurrent/Semaphore$NonfairSync done

Classes unloaded (0 events):
No events

Classes redefined (0 events):
No events

Internal exceptions (20 events):
Event: 3.243 Thread 0x000001e57f6dd6e0 Exception <a 'java/io/FileNotFoundException'{0x00000000d64d4908}> (0x00000000d64d4908) 
thrown [s\src\hotspot\share\prims\jni.cpp, line 520]
Event: 3.244 Thread 0x000001e57f6dd6e0 Exception <a 'java/io/FileNotFoundException'{0x00000000d64d5448}> (0x00000000d64d5448) 
thrown [s\src\hotspot\share\prims\jni.cpp, line 520]
Event: 3.258 Thread 0x000001e57f6dd6e0 Implicit null exception at 0x000001e50c0531a4 to 0x000001e50c053748
Event: 3.258 Thread 0x000001e57f6dd6e0 Implicit null exception at 0x000001e50c053e20 to 0x000001e50c0543b4
Event: 3.262 Thread 0x000001e57f6dd6e0 Exception <a 'java/io/FileNotFoundException'{0x00000000d650db10}> (0x00000000d650db10) 
thrown [s\src\hotspot\share\prims\jni.cpp, line 520]
Event: 3.318 Thread 0x000001e57f6dd6e0 Exception <a 'java/lang/NoSuchMethodError'{0x00000000d6547198}: 'java.lang.Object java.lang.invoke.DirectMethodHandle$Holder.invokeInterface(java.lang.Object, java.lang.Object)'> (0x00000000d6547198) 
thrown [s\src\hotspot\share\interpreter\linkResolver.cpp, line 773]
Event: 3.329 Thread 0x000001e57f6dd6e0 Exception <a 'java/lang/NoSuchMethodError'{0x00000000d655a728}: 'java.lang.Object java.lang.invoke.Invokers$Holder.invokeExact_MT(java.lang.Object, java.lang.Object, java.lang.Object, java.lang.Object, java.lang.Object, java.lang.Object)'> (0x00000000d655a728) 
thrown [s\src\hotspot\share\interpreter\linkResolver.cpp, line 773]
Event: 3.337 Thread 0x000001e57f6dd6e0 Exception <a 'java/lang/NoSuchMethodError'{0x00000000d6571800}: 'int java.lang.invoke.DirectMethodHandle$Holder.invokeStatic(java.lang.Object, java.lang.Object, java.lang.Object, java.lang.Object, java.lang.Object)'> (0x00000000d6571800) 
thrown [s\src\hotspot\share\interpreter\linkResolver.cpp, line 773]
Event: 3.487 Thread 0x000001e57f6dd6e0 Exception <a 'java/lang/NoSuchMethodError'{0x00000000d6604fa8}: 'java.lang.Object java.lang.invoke.DirectMethodHandle$Holder.invokeInterface(java.lang.Object, java.lang.Object, int)'> (0x00000000d6604fa8) 
thrown [s\src\hotspot\share\interpreter\linkResolver.cpp, line 773]
Event: 3.858 Thread 0x000001e57f6dd6e0 Exception <a 'java/lang/NoSuchMethodError'{0x00000000d6a6ceb8}: 'java.lang.ClassLoader java.lang.ClassLoader.getPlatformClassLoader(java.lang.Class)'> (0x00000000d6a6ceb8) 
thrown [s\src\hotspot\share\interpreter\linkResolver.cpp, line 773]
Event: 4.053 Thread 0x000001e57f6dd6e0 Exception <a 'java/lang/ClassNotFoundException'{0x00000000d558b188}: sun/net/www/protocol/c/Handler> (0x00000000d558b188) 
thrown [s\src\hotspot\share\classfile\systemDictionary.cpp, line 312]
Event: 4.055 Thread 0x000001e57f6dd6e0 Exception <a 'java/lang/ClassNotFoundException'{0x00000000d558c518}: sun/net/www/protocol/c/Handler> (0x00000000d558c518) 
thrown [s\src\hotspot\share\classfile\systemDictionary.cpp, line 312]
Event: 4.056 Thread 0x000001e57f6dd6e0 Exception <a 'java/lang/ClassNotFoundException'{0x00000000d558d6d8}: sun/net/www/protocol/c/Handler> (0x00000000d558d6d8) 
thrown [s\src\hotspot\share\classfile\systemDictionary.cpp, line 312]
Event: 4.076 Thread 0x000001e57f6dd6e0 Exception <a 'java/io/FileNotFoundException'{0x00000000d55bf390}> (0x00000000d55bf390) 
thrown [s\src\hotspot\share\prims\jni.cpp, line 520]
Event: 4.198 Thread 0x000001e57f6dd6e0 Implicit null exception at 0x000001e50c0799c9 to 0x000001e50c07a340
Event: 4.198 Thread 0x000001e57f6dd6e0 Implicit null exception at 0x000001e50c08fa1a to 0x000001e50c08fc20
Event: 4.200 Thread 0x000001e57f6dd6e0 Exception <a 'java/lang/NoSuchMethodError'{0x00000000d56f0068}: 'void java.lang.invoke.DirectMethodHandle$Holder.invokeStatic(java.lang.Object, java.lang.Object, java.lang.Object, java.lang.Object)'> (0x00000000d56f0068) 
thrown [s\src\hotspot\share\interpreter\linkResolver.cpp, line 773]
Event: 4.204 Thread 0x000001e57f6dd6e0 Implicit null exception at 0x000001e50c08089a to 0x000001e50c080aa4
Event: 4.204 Thread 0x000001e57f6dd6e0 Implicit null exception at 0x000001e50c06883d to 0x000001e50c0688c1
Event: 4.514 Thread 0x000001e57f6dd6e0 Exception <a 'java/lang/NoSuchMethodError'{0x00000000d59d89e8}: 'void java.lang.invoke.DirectMethodHandle$Holder.invokeSpecial(java.lang.Object, java.lang.Object, java.lang.Object)'> (0x00000000d59d89e8) 
thrown [s\src\hotspot\share\interpreter\linkResolver.cpp, line 773]

ZGC Phase Switch (0 events):
No events

VM Operations (14 events):
Event: 0.903 Executing non-safepoint VM operation: HandshakeAllThreads (Deoptimize)
Event: 0.903 Executing non-safepoint VM operation: HandshakeAllThreads (Deoptimize) done
Event: 1.318 Executing non-safepoint VM operation: HandshakeAllThreads (Deoptimize)
Event: 1.318 Executing non-safepoint VM operation: HandshakeAllThreads (Deoptimize) done
Event: 2.319 Executing safepoint VM operation: Cleanup
Event: 2.320 Executing safepoint VM operation: Cleanup done
Event: 2.970 Executing non-safepoint VM operation: HandshakeAllThreads (Deoptimize)
Event: 2.970 Executing non-safepoint VM operation: HandshakeAllThreads (Deoptimize) done
Event: 2.999 Executing non-safepoint VM operation: HandshakeAllThreads (Deoptimize)
Event: 2.999 Executing non-safepoint VM operation: HandshakeAllThreads (Deoptimize) done
Event: 4.009 Executing safepoint VM operation: Cleanup
Event: 4.009 Executing safepoint VM operation: Cleanup done
Event: 4.012 Executing safepoint VM operation: ParallelGCFailedAllocation (Allocation Failure)
Event: 4.048 Executing safepoint VM operation: ParallelGCFailedAllocation (Allocation Failure) done

Memory protections (0 events):
No events

Nmethod flushes (0 events):
No events

Events (11 events):
Event: 0.630 Thread 0x000001e57f6dd6e0 Thread added: 0x000001e57f6dd6e0
Event: 0.717 Thread 0x000001e57f6dd6e0 Thread added: 0x000001e57f786400
Event: 0.718 Thread 0x000001e57f6dd6e0 Thread added: 0x000001e57f787ad0
Event: 0.720 Thread 0x000001e57f6dd6e0 Thread added: 0x000001e57f78a300
Event: 0.720 Thread 0x000001e57f6dd6e0 Thread added: 0x000001e57f78af60
Event: 0.720 Thread 0x000001e57f6dd6e0 Thread added: 0x000001e57f78dad0
Event: 0.721 Thread 0x000001e57f6dd6e0 Thread added: 0x000001e57f78e530
Event: 0.724 Thread 0x000001e57f6dd6e0 Thread added: 0x000001e559bd89c0
Event: 0.763 Thread 0x000001e57f6dd6e0 Thread added: 0x000001e559c41bb0
Event: 1.024 Thread 0x000001e57f6dd6e0 Thread added: 0x000001e559d86cf0
Event: 2.184 Thread 0x000001e57f6dd6e0 Thread added: 0x000001e559f5c420


Dynamic libraries:
0x00007ff7f9530000 - 0x00007ff7f953e000 	c:\Users\jhame\.vscode\extensions\redhat.java-1.53.0-win32-x64\jre\21.0.10-win32-x86_64\bin\java.exe
0x00007fff105a0000 - 0x00007fff10808000 	C:\WINDOWS\SYSTEM32\ntdll.dll
0x00007fff0e4b0000 - 0x00007fff0e579000 	C:\WINDOWS\System32\KERNEL32.DLL
0x00007fff0d4b0000 - 0x00007fff0d8a1000 	C:\WINDOWS\System32\KERNELBASE.dll
0x00007fff0d1e0000 - 0x00007fff0d32b000 	C:\WINDOWS\System32\ucrtbase.dll
0x00007ffe79b00000 - 0x00007ffe79b18000 	c:\Users\jhame\.vscode\extensions\redhat.java-1.53.0-win32-x64\jre\21.0.10-win32-x86_64\bin\jli.dll
0x00007fff0efd0000 - 0x00007fff0f196000 	C:\WINDOWS\System32\USER32.dll
0x00007ffe796b0000 - 0x00007ffe796ce000 	c:\Users\jhame\.vscode\extensions\redhat.java-1.53.0-win32-x64\jre\21.0.10-win32-x86_64\bin\VCRUNTIME140.dll
0x00007ffef0cc0000 - 0x00007ffef0f53000 	C:\WINDOWS\WinSxS\amd64_microsoft.windows.common-controls_6595b64144ccf1df_6.0.26100.7824_none_3e0870b2e3345462\COMCTL32.dll
0x00007fff0d080000 - 0x00007fff0d0a7000 	C:\WINDOWS\System32\win32u.dll
0x00007fff0e7d0000 - 0x00007fff0e7fb000 	C:\WINDOWS\System32\GDI32.dll
0x00007fff0f980000 - 0x00007fff0fa29000 	C:\WINDOWS\System32\msvcrt.dll
0x00007fff0d0b0000 - 0x00007fff0d1db000 	C:\WINDOWS\System32\gdi32full.dll
0x00007fff0cfd0000 - 0x00007fff0d073000 	C:\WINDOWS\System32\msvcp_win.dll
0x00007fff10520000 - 0x00007fff10551000 	C:\WINDOWS\System32\IMM32.DLL
0x00007ffe796a0000 - 0x00007ffe796ac000 	c:\Users\jhame\.vscode\extensions\redhat.java-1.53.0-win32-x64\jre\21.0.10-win32-x86_64\bin\vcruntime140_1.dll
0x00007ffe78e90000 - 0x00007ffe78f1d000 	c:\Users\jhame\.vscode\extensions\redhat.java-1.53.0-win32-x64\jre\21.0.10-win32-x86_64\bin\msvcp140.dll
0x00007ffe780e0000 - 0x00007ffe78e81000 	c:\Users\jhame\.vscode\extensions\redhat.java-1.53.0-win32-x64\jre\21.0.10-win32-x86_64\bin\server\jvm.dll
0x00007fff0ef10000 - 0x00007fff0efc4000 	C:\WINDOWS\System32\ADVAPI32.dll
0x00007fff0f710000 - 0x00007fff0f7b6000 	C:\WINDOWS\System32\sechost.dll
0x00007fff0e5b0000 - 0x00007fff0e6c8000 	C:\WINDOWS\System32\RPCRT4.dll
0x00007fff0f900000 - 0x00007fff0f974000 	C:\WINDOWS\System32\WS2_32.dll
0x00007fff0cce0000 - 0x00007fff0cd3e000 	C:\WINDOWS\SYSTEM32\POWRPROF.dll
0x00007ffef7970000 - 0x00007ffef79a5000 	C:\WINDOWS\SYSTEM32\WINMM.dll
0x00007fff01370000 - 0x00007fff0137b000 	C:\WINDOWS\SYSTEM32\VERSION.dll
0x00007fff0ccc0000 - 0x00007fff0ccd4000 	C:\WINDOWS\SYSTEM32\UMPDC.dll
0x00007fff0bc20000 - 0x00007fff0bc3b000 	C:\WINDOWS\SYSTEM32\kernel.appcore.dll
0x00007ffe79690000 - 0x00007ffe7969a000 	c:\Users\jhame\.vscode\extensions\redhat.java-1.53.0-win32-x64\jre\21.0.10-win32-x86_64\bin\jimage.dll
0x00007fff0ab40000 - 0x00007fff0ad82000 	C:\WINDOWS\SYSTEM32\DBGHELP.DLL
0x00007fff0e890000 - 0x00007fff0ec16000 	C:\WINDOWS\System32\combase.dll
0x00007fff0f1a0000 - 0x00007fff0f277000 	C:\WINDOWS\System32\OLEAUT32.dll
0x00007ffed2fd0000 - 0x00007ffed300b000 	C:\WINDOWS\SYSTEM32\dbgcore.DLL
0x00007fff0e120000 - 0x00007fff0e1c5000 	C:\WINDOWS\System32\bcryptPrimitives.dll
0x00007ffeddf80000 - 0x00007ffeddf8f000 	c:\Users\jhame\.vscode\extensions\redhat.java-1.53.0-win32-x64\jre\21.0.10-win32-x86_64\bin\instrument.dll
0x00007ffedeca0000 - 0x00007ffedecc0000 	c:\Users\jhame\.vscode\extensions\redhat.java-1.53.0-win32-x64\jre\21.0.10-win32-x86_64\bin\java.dll
0x00007fff0fce0000 - 0x00007fff10432000 	C:\WINDOWS\System32\SHELL32.dll
0x00007fff0e1d0000 - 0x00007fff0e33a000 	C:\WINDOWS\System32\wintypes.dll
0x00007fff0d8b0000 - 0x00007fff0e113000 	C:\WINDOWS\System32\windows.storage.dll
0x00007fff0fa30000 - 0x00007fff0fb26000 	C:\WINDOWS\System32\SHCORE.dll
0x00007fff0e6d0000 - 0x00007fff0e737000 	C:\WINDOWS\System32\shlwapi.dll
0x00007fff0cda0000 - 0x00007fff0cdc9000 	C:\WINDOWS\SYSTEM32\profapi.dll
0x00007ffe78090000 - 0x00007ffe780a8000 	c:\Users\jhame\.vscode\extensions\redhat.java-1.53.0-win32-x64\jre\21.0.10-win32-x86_64\bin\zip.dll
0x00007ffedeb50000 - 0x00007ffedeb60000 	C:\Users\jhame\.vscode\extensions\redhat.java-1.53.0-win32-x64\jre\21.0.10-win32-x86_64\bin\net.dll
0x00007ffefc3e0000 - 0x00007ffefc507000 	C:\WINDOWS\SYSTEM32\WINHTTP.dll
0x00007fff0c190000 - 0x00007fff0c1fb000 	C:\WINDOWS\system32\mswsock.dll
0x00007ffedec80000 - 0x00007ffedec96000 	C:\Users\jhame\.vscode\extensions\redhat.java-1.53.0-win32-x64\jre\21.0.10-win32-x86_64\bin\nio.dll
0x00007ffe780b0000 - 0x00007ffe780c0000 	c:\Users\jhame\.vscode\extensions\redhat.java-1.53.0-win32-x64\jre\21.0.10-win32-x86_64\bin\verify.dll

JVMTI agents:
c:\Users\jhame\.vscode\extensions\redhat.java-1.53.0-win32-x64\lombok\lombok-1.18.39-4050.jar path:c:\Users\jhame\.vscode\extensions\redhat.java-1.53.0-win32-x64\jre\21.0.10-win32-x86_64\bin\instrument.dll, loaded, initialized, instrumentlib options:none

dbghelp: loaded successfully - version: 4.0.5 - missing functions: none
symbol engine: initialized successfully - sym options: 0x614 - pdb path: .;c:\Users\jhame\.vscode\extensions\redhat.java-1.53.0-win32-x64\jre\21.0.10-win32-x86_64\bin;C:\WINDOWS\SYSTEM32;C:\WINDOWS\WinSxS\amd64_microsoft.windows.common-controls_6595b64144ccf1df_6.0.26100.7824_none_3e0870b2e3345462;c:\Users\jhame\.vscode\extensions\redhat.java-1.53.0-win32-x64\jre\21.0.10-win32-x86_64\bin\server

VM Arguments:
jvm_args: --add-modules=ALL-SYSTEM --add-opens=java.base/java.util=ALL-UNNAMED --add-opens=java.base/java.lang=ALL-UNNAMED --add-opens=java.base/sun.nio.fs=ALL-UNNAMED -Declipse.application=org.eclipse.jdt.ls.core.id1 -Dosgi.bundles.defaultStartLevel=4 -Declipse.product=org.eclipse.jdt.ls.core.product -Djava.import.generatesMetadataFilesAtProjectRoot=false -DDetectVMInstallationsJob.disabled=true -Dfile.encoding=utf8 -XX:+UseParallelGC -XX:GCTimeRatio=4 -XX:AdaptiveSizePolicyWeight=90 -Dsun.zip.disableMemoryMapping=true -Xmx2G -Xms100m -Xlog:disable -javaagent:c:\Users\jhame\.vscode\extensions\redhat.java-1.53.0-win32-x64\lombok\lombok-1.18.39-4050.jar -XX:+HeapDumpOnOutOfMemoryError -XX:HeapDumpPath=c:\Users\jhame\AppData\Roaming\Code\User\workspaceStorage\3768297715c186dd486f6bcece552bda\redhat.java -Daether.dependencyCollector.impl=bf 
java_command: c:\Users\jhame\.vscode\extensions\redhat.java-1.53.0-win32-x64\server\plugins\org.eclipse.equinox.launcher_1.7.100.v20251111-0406.jar -configuration c:\Users\jhame\AppData\Roaming\Code\User\globalStorage\redhat.java\1.53.0\config_win -data c:\Users\jhame\AppData\Roaming\Code\User\workspaceStorage\3768297715c186dd486f6bcece552bda\redhat.java\jdt_ws --pipe=\\.\pipe\lsp-3baedbdf61d6ef22ef78b045ac9a9330-sock
java_class_path (initial): c:\Users\jhame\.vscode\extensions\redhat.java-1.53.0-win32-x64\server\plugins\org.eclipse.equinox.launcher_1.7.100.v20251111-0406.jar
Launcher Type: SUN_STANDARD

[Global flags]
    uintx AdaptiveSizePolicyWeight                 = 90                                        {product} {command line}
     intx CICompilerCount                          = 4                                         {product} {ergonomic}
    uintx GCTimeRatio                              = 4                                         {product} {command line}
     bool HeapDumpOnOutOfMemoryError               = true                                   {manageable} {command line}
    ccstr HeapDumpPath                             = c:\Users\jhame\AppData\Roaming\Code\User\workspaceStorage\3768297715c186dd486f6bcece552bda\redhat.java         {manageable} {command line}
   size_t InitialHeapSize                          = 104857600                                 {product} {command line}
   size_t MaxHeapSize                              = 2147483648                                {product} {command line}
   size_t MaxNewSize                               = 715653120                                 {product} {ergonomic}
   size_t MinHeapDeltaBytes                        = 524288                                    {product} {ergonomic}
   size_t MinHeapSize                              = 104857600                                 {product} {command line}
   size_t NewSize                                  = 34603008                                  {product} {ergonomic}
    uintx NonNMethodCodeHeapSize                   = 5839372                                {pd product} {ergonomic}
    uintx NonProfiledCodeHeapSize                  = 122909434                              {pd product} {ergonomic}
   size_t OldSize                                  = 70254592                                  {product} {ergonomic}
    uintx ProfiledCodeHeapSize                     = 122909434                              {pd product} {ergonomic}
    uintx ReservedCodeCacheSize                    = 251658240                              {pd product} {ergonomic}
     bool SegmentedCodeCache                       = true                                      {product} {ergonomic}
   size_t SoftMaxHeapSize                          = 2147483648                             {manageable} {ergonomic}
     bool UseCompressedOops                        = true                           {product lp64_product} {ergonomic}
     bool UseLargePagesIndividualAllocation        = false                                  {pd product} {ergonomic}
     bool UseParallelGC                            = true                                      {product} {command line}

Logging:
Log output configuration:
 #0: stdout all=off uptime,level,tags foldmultilines=false
 #1: stderr all=off uptime,level,tags foldmultilines=false

Release file:
JAVA_VERSION="21.0.10" 
MODULES="java.base java.compiler java.datatransfer java.xml java.prefs java.desktop java.instrument java.logging java.management java.security.sasl java.naming java.rmi java.management.rmi java.net.http java.scripting java.security.jgss java.transaction.xa java.sql java.sql.rowset java.xml.crypto java.se java.smartcardio jdk.accessibility jdk.internal.jvmstat jdk.attach jdk.charsets jdk.internal.opt jdk.zipfs jdk.compiler jdk.crypto.ec jdk.crypto.cryptoki jdk.crypto.mscapi jdk.dynalink jdk.internal.ed jdk.editpad jdk.hotspot.agent jdk.httpserver jdk.internal.le jdk.internal.vm.ci jdk.internal.vm.compiler jdk.internal.vm.compiler.management jdk.jartool jdk.javadoc jdk.jcmd jdk.management jdk.management.agent jdk.jconsole jdk.jdeps jdk.jdwp.agent jdk.jdi jdk.jfr jdk.jshell jdk.jsobject jdk.jstatd jdk.localedata jdk.management.jfr jdk.naming.dns jdk.naming.rmi jdk.net jdk.nio.mapmode jdk.random jdk.sctp jdk.security.auth jdk.security.jgss jdk.unsupported jdk.unsupported.desktop jdk.xml.dom" 

Environment Variables:
JAVA_HOME=C:\Program Files\Microsoft\jdk-17.0.17.10-hotspot\
PATH=C:\Users\jhame\AppData\Local\Programs\Microsoft VS Code;C:\Program Files\Microsoft\jdk-17.0.17.10-hotspot\bin;C:\Program Files\Python314\Scripts\;C:\Program Files\Python314\;C:\Program Files\Eclipse Adoptium\jdk-21.0.7.6-hotspot\bin;C:\Program Files (x86)\Common Files\Oracle\Java\javapath;C:\Program Files (x86)\Common Files\Intel\Shared Libraries\redist\intel64\compiler;C:\Windows\system32;C:\Windows;C:\Windows\System32\Wbem;C:\Windows\System32\WindowsPowerShell\v1.0\;C:\Windows\System32\OpenSSH\;C:\Program Files (x86)\NVIDIA Corporation\PhysX\Common;C:\Program Files\NVIDIA Corporation\NVIDIA NvDLISR;C:\WINDOWS\system32;C:\WINDOWS;C:\WINDOWS\System32\Wbem;C:\WINDOWS\System32\WindowsPowerShell\v1.0\;C:\WINDOWS\System32\OpenSSH\;C:\Program Files\Cloudflare\Cloudflare WARP\;C:\Program Files\Git\cmd;C:\xampp\php;C:\ProgramData\ComposerSetup\bin;C:\Program Files\Docker\Docker\resources\bin;C:\ProgramData\chocolatey\bin;C:\Program Files\nodejs\;C:\Users\jhame\AppData\Local\Android\Sdk\platform-tools;C:\Program Files\PowerShell\7-preview\preview;C:\Users\jhame\Desktop\php-8.5.3-nts-Win32-vs17-x64;C:\Users\jhame\scoop\shims;C:\Users\jhame\AppData\Local\Microsoft\WindowsApps;C:\Users\jhame\AppData\Local\Programs\Microsoft VS Code\bin;C:\Users\jhame\AppData\Roaming\Composer\vendor\bin;C:\Users\jhame\AppData\Local\Programs\Windsurf\bin;C:\Users\jhame\AppData\Roaming\npm;C:\Users\jhame\AppData\Local\Programs\cursor\resources\app\bin
USERNAME=jhame
OS=Windows_NT
PROCESSOR_IDENTIFIER=Intel64 Family 6 Model 154 Stepping 3, GenuineIntel
TMP=C:\Users\jhame\AppData\Local\Temp
TEMP=C:\Users\jhame\AppData\Local\Temp




Periodic native trim disabled

---------------  S Y S T E M  ---------------

OS:
 Windows 11 , 64 bit Build 26100 (10.0.26100.7705)
OS uptime: 0 days 1:10 hours
Hyper-V role detected

CPU: total 12 (initial active 12) (6 cores per cpu, 2 threads per core) family 6 model 154 stepping 3 microcode 0x419, cx8, cmov, fxsr, ht, mmx, 3dnowpref, sse, sse2, sse3, ssse3, sse4.1, sse4.2, popcnt, lzcnt, tsc, tscinvbit, avx, avx2, aes, erms, clmul, bmi1, bmi2, adx, sha, fma, vzeroupper, clflush, clflushopt, clwb, hv, serialize, rdtscp, rdpid, fsrm, f16c, cet_ibt, cet_ss
Processor Information for processor 0
  Max Mhz: 2000, Current Mhz: 2000, Mhz Limit: 2000
Processor Information for processor 1
  Max Mhz: 2000, Current Mhz: 2000, Mhz Limit: 2000
Processor Information for processor 2
  Max Mhz: 2000, Current Mhz: 2000, Mhz Limit: 2000
Processor Information for processor 3
  Max Mhz: 2000, Current Mhz: 2000, Mhz Limit: 2000
Processor Information for processor 4
  Max Mhz: 2000, Current Mhz: 2000, Mhz Limit: 2000
Processor Information for processor 5
  Max Mhz: 2000, Current Mhz: 2000, Mhz Limit: 2000
Processor Information for processor 6
  Max Mhz: 2000, Current Mhz: 2000, Mhz Limit: 2000
Processor Information for processor 7
  Max Mhz: 2000, Current Mhz: 2000, Mhz Limit: 2000
Processor Information for processor 8
  Max Mhz: 2000, Current Mhz: 1500, Mhz Limit: 1500
Processor Information for processor 9
  Max Mhz: 2000, Current Mhz: 1500, Mhz Limit: 1500
Processor Information for processor 10
  Max Mhz: 2000, Current Mhz: 1500, Mhz Limit: 1500
Processor Information for processor 11
  Max Mhz: 2000, Current Mhz: 1500, Mhz Limit: 1500

Memory: 4k page, system-wide physical 7896M (72M free)
TotalPageFile size 25113M (AvailPageFile size 24M)
current process WorkingSet (physical memory assigned to process): 85M, peak: 85M
current process commit charge ("private bytes"): 242M, peak: 242M

vm_info: OpenJDK 64-Bit Server VM (21.0.10+7-LTS) for windows-amd64 JRE (21.0.10+7-LTS), built on 2026-01-20T00:00:00Z by "admin" with MS VC++ 17.12 (VS2022)

END.
