#
# There is insufficient memory for the Java Runtime Environment to continue.
# Native memory allocation (malloc) failed to allocate 1048576 bytes. Error detail: AllocateHeap
# Possible reasons:
#   The system is out of physical RAM or swap space
#   This process is running with CompressedOops enabled, and the Java Heap may be blocking the growth of the native heap
# Possible solutions:
#   Reduce memory load on the system
#   Increase physical memory or swap space
#   Check if swap backing store is full
#   Decrease Java heap size (-Xmx/-Xms)
#   Decrease number of Java threads
#   Decrease Java thread stack sizes (-Xss)
#   Set larger code cache with -XX:ReservedCodeCacheSize=
#   JVM is running with Unscaled Compressed Oops mode in which the Java heap is
#     placed in the first 4GB address space. The Java Heap base address is the
#     maximum limit for the native heap growth. Please use -XX:HeapBaseMinAddress
#     to set the Java Heap base and to place the Java Heap above 4GB virtual address.
# This output file may be truncated or incomplete.
#
#  Out of Memory Error (allocation.cpp:44), pid=18228, tid=17920
#
# JRE version: OpenJDK Runtime Environment Temurin-21.0.10+7 (21.0.10+7) (build 21.0.10+7-LTS)
# Java VM: OpenJDK 64-Bit Server VM Temurin-21.0.10+7 (21.0.10+7-LTS, mixed mode, sharing, tiered, compressed oops, compressed class ptrs, parallel gc, windows-amd64)
# No core dump will be written. Minidumps are not enabled by default on client versions of Windows
#

---------------  S U M M A R Y ------------

Command Line: --add-modules=ALL-SYSTEM --add-opens=java.base/java.util=ALL-UNNAMED --add-opens=java.base/java.lang=ALL-UNNAMED --add-opens=java.base/sun.nio.fs=ALL-UNNAMED -Declipse.application=org.eclipse.jdt.ls.core.id1 -Dosgi.bundles.defaultStartLevel=4 -Declipse.product=org.eclipse.jdt.ls.core.product -Djava.import.generatesMetadataFilesAtProjectRoot=false -DDetectVMInstallationsJob.disabled=true -Dfile.encoding=utf8 -XX:+UseParallelGC -XX:GCTimeRatio=4 -XX:AdaptiveSizePolicyWeight=90 -Dsun.zip.disableMemoryMapping=true -Xmx2G -Xms100m -Xlog:disable -javaagent:c:\Users\jhame\.vscode\extensions\redhat.java-1.53.0-win32-x64\lombok\lombok-1.18.39-4050.jar -XX:+HeapDumpOnOutOfMemoryError -XX:HeapDumpPath=c:\Users\jhame\AppData\Roaming\Code\User\workspaceStorage\3768297715c186dd486f6bcece552bda\redhat.java -Daether.dependencyCollector.impl=bf c:\Users\jhame\.vscode\extensions\redhat.java-1.53.0-win32-x64\server\plugins\org.eclipse.equinox.launcher_1.7.100.v20251111-0406.jar -configuration c:\Users\jhame\AppData\Roaming\Code\User\globalStorage\redhat.java\1.53.0\config_win -data c:\Users\jhame\AppData\Roaming\Code\User\workspaceStorage\3768297715c186dd486f6bcece552bda\redhat.java\jdt_ws --pipe=\\.\pipe\lsp-df237dbf4c5c6b7c9064113bfd64347b-sock

Host: 12th Gen Intel(R) Core(TM) i5-12450H, 12 cores, 7G,  Windows 11 , 64 bit Build 26100 (10.0.26100.7705)
Time: Thu Mar 12 17:37:38 2026 Malay Peninsula Standard Time elapsed time: 4150.347995 seconds (0d 1h 9m 10s)

---------------  T H R E A D  ---------------

Current thread (0x0000023ee9e18360):  JavaThread "Attach Listener" daemon [_thread_in_vm, id=17920, stack(0x0000007686600000,0x0000007686700000) (1024K)]

Stack: [0x0000007686600000,0x0000007686700000]
Native frames: (J=compiled Java code, j=interpreted, Vv=VM code, C=native code)
V  [jvm.dll+0x6d7a39]
V  [jvm.dll+0x8b4b26]
V  [jvm.dll+0x8b70de]
V  [jvm.dll+0x8b77c3]
V  [jvm.dll+0x284346]
V  [jvm.dll+0xc1277]
V  [jvm.dll+0x6d82e9]
V  [jvm.dll+0x1334a6]
V  [jvm.dll+0x3f857e]
V  [jvm.dll+0x85f59d]
V  [jvm.dll+0x6d626d]
C  [ucrtbase.dll+0x37b0]
C  [KERNEL32.DLL+0x2e8d7]
C  [ntdll.dll+0x8c40c]


---------------  P R O C E S S  ---------------

Threads class SMR info:
_java_thread_list=0x0000023ecab5fa00, length=39, elements={
0x0000023ee9d6f6a0, 0x0000023ee9e113b0, 0x0000023ee9e14400, 0x0000023ee9e17700,
0x0000023ee9e18360, 0x0000023ee9e1aed0, 0x0000023ee9e1b930, 0x0000023ee9e1e780,
0x0000023ee9e2e830, 0x0000023effd98fb0, 0x0000023effed37c0, 0x0000023eca7f44e0,
0x0000023ee9e2a090, 0x0000023eca419400, 0x0000023efff3e770, 0x0000023ecaac27b0,
0x0000023effe64b60, 0x0000023eca56d460, 0x0000023ecbe23c00, 0x0000023ecbe25cd0,
0x0000023ecd51a790, 0x0000023ecd51ae20, 0x0000023ecd518d50, 0x0000023ecd51b4b0,
0x0000023ecd518030, 0x0000023ecd5186c0, 0x0000023ecd5193e0, 0x0000023ecd51c860,
0x0000023ecd51bb40, 0x0000023ecd51cef0, 0x0000023ecd51c1d0, 0x0000023ecd519a70,
0x0000023ecd51e2a0, 0x0000023ecd51d580, 0x0000023ecd51efc0, 0x0000023ecd417830,
0x0000023ecb384a70, 0x0000023ed90dcfc0, 0x0000023ed90dea00
}

Java Threads: ( => current thread )
  0x0000023ee9d6f6a0 JavaThread "main"                              [_thread_blocked, id=17964, stack(0x0000007685f00000,0x0000007686000000) (1024K)]
  0x0000023ee9e113b0 JavaThread "Reference Handler"          daemon [_thread_blocked, id=18164, stack(0x0000007686300000,0x0000007686400000) (1024K)]
  0x0000023ee9e14400 JavaThread "Finalizer"                  daemon [_thread_blocked, id=17648, stack(0x0000007686400000,0x0000007686500000) (1024K)]
  0x0000023ee9e17700 JavaThread "Signal Dispatcher"          daemon [_thread_blocked, id=13548, stack(0x0000007686500000,0x0000007686600000) (1024K)]
=>0x0000023ee9e18360 JavaThread "Attach Listener"            daemon [_thread_in_vm, id=17920, stack(0x0000007686600000,0x0000007686700000) (1024K)]
  0x0000023ee9e1aed0 JavaThread "Service Thread"             daemon [_thread_blocked, id=13908, stack(0x0000007686700000,0x0000007686800000) (1024K)]
  0x0000023ee9e1b930 JavaThread "Monitor Deflation Thread"   daemon [_thread_blocked, id=3088, stack(0x0000007686800000,0x0000007686900000) (1024K)]
  0x0000023ee9e1e780 JavaThread "C2 CompilerThread0"         daemon [_thread_blocked, id=18244, stack(0x0000007686900000,0x0000007686a00000) (1024K)]
  0x0000023ee9e2e830 JavaThread "C1 CompilerThread0"         daemon [_thread_blocked, id=4604, stack(0x0000007686a00000,0x0000007686b00000) (1024K)]
  0x0000023effd98fb0 JavaThread "Common-Cleaner"             daemon [_thread_blocked, id=14252, stack(0x0000007686b00000,0x0000007686c00000) (1024K)]
  0x0000023effed37c0 JavaThread "Notification Thread"        daemon [_thread_blocked, id=18456, stack(0x0000007686c00000,0x0000007686d00000) (1024K)]
  0x0000023eca7f44e0 JavaThread "Active Thread: Equinox Container: cb93144d-a71b-41fe-ad60-2baf3865d03a"        [_thread_blocked, id=18808, stack(0x0000007687500000,0x0000007687600000) (1024K)]
  0x0000023ee9e2a090 JavaThread "Refresh Thread: Equinox Container: cb93144d-a71b-41fe-ad60-2baf3865d03a" daemon [_thread_blocked, id=19020, stack(0x0000007686e00000,0x0000007686f00000) (1024K)]
  0x0000023eca419400 JavaThread "Framework Event Dispatcher: Equinox Container: cb93144d-a71b-41fe-ad60-2baf3865d03a" daemon [_thread_blocked, id=19036, stack(0x0000007687600000,0x0000007687700000) (1024K)]
  0x0000023efff3e770 JavaThread "Start Level: Equinox Container: cb93144d-a71b-41fe-ad60-2baf3865d03a" daemon [_thread_blocked, id=19044, stack(0x0000007687700000,0x0000007687800000) (1024K)]
  0x0000023ecaac27b0 JavaThread "Bundle File Closer"         daemon [_thread_blocked, id=19332, stack(0x0000007687b00000,0x0000007687c00000) (1024K)]
  0x0000023effe64b60 JavaThread "SCR Component Actor"        daemon [_thread_blocked, id=18756, stack(0x0000007687800000,0x0000007687900000) (1024K)]
  0x0000023eca56d460 JavaThread "Worker-JM"                         [_thread_blocked, id=20080, stack(0x0000007687e00000,0x0000007687f00000) (1024K)]
  0x0000023ecbe23c00 JavaThread "JNA Cleaner"                daemon [_thread_blocked, id=20324, stack(0x0000007687c00000,0x0000007687d00000) (1024K)]
  0x0000023ecbe25cd0 JavaThread "Java indexing"              daemon [_thread_blocked, id=14456, stack(0x0000007688400000,0x0000007688500000) (1024K)]
  0x0000023ecd51a790 JavaThread "Thread-1"                   daemon [_thread_in_native, id=20972, stack(0x0000007688a00000,0x0000007688b00000) (1024K)]
  0x0000023ecd51ae20 JavaThread "Thread-2"                   daemon [_thread_in_native, id=21060, stack(0x0000007688b00000,0x0000007688c00000) (1024K)]
  0x0000023ecd518d50 JavaThread "Thread-3"                   daemon [_thread_in_native, id=21068, stack(0x0000007688c00000,0x0000007688d00000) (1024K)]
  0x0000023ecd51b4b0 JavaThread "Thread-4"                   daemon [_thread_in_native, id=21084, stack(0x0000007688d00000,0x0000007688e00000) (1024K)]
  0x0000023ecd518030 JavaThread "Thread-5"                   daemon [_thread_in_native, id=21088, stack(0x0000007688e00000,0x0000007688f00000) (1024K)]
  0x0000023ecd5186c0 JavaThread "Thread-6"                   daemon [_thread_in_native, id=21092, stack(0x0000007688f00000,0x0000007689000000) (1024K)]
  0x0000023ecd5193e0 JavaThread "Thread-7"                   daemon [_thread_in_native, id=21096, stack(0x0000007689000000,0x0000007689100000) (1024K)]
  0x0000023ecd51c860 JavaThread "Thread-8"                   daemon [_thread_in_native, id=21100, stack(0x0000007689100000,0x0000007689200000) (1024K)]
  0x0000023ecd51bb40 JavaThread "Thread-9"                   daemon [_thread_in_native, id=21104, stack(0x0000007689200000,0x0000007689300000) (1024K)]
  0x0000023ecd51cef0 JavaThread "Thread-10"                  daemon [_thread_in_native, id=21112, stack(0x0000007689300000,0x0000007689400000) (1024K)]
  0x0000023ecd51c1d0 JavaThread "Thread-11"                  daemon [_thread_in_native, id=21040, stack(0x0000007689400000,0x0000007689500000) (1024K)]
  0x0000023ecd519a70 JavaThread "Thread-12"                  daemon [_thread_in_native, id=20968, stack(0x0000007689500000,0x0000007689600000) (1024K)]
  0x0000023ecd51e2a0 JavaThread "Thread-13"                  daemon [_thread_in_native, id=21132, stack(0x0000007689600000,0x0000007689700000) (1024K)]
  0x0000023ecd51d580 JavaThread "pool-2-thread-1"                   [_thread_blocked, id=21328, stack(0x0000007689700000,0x0000007689800000) (1024K)]
  0x0000023ecd51efc0 JavaThread "WorkspaceEventsHandler"            [_thread_blocked, id=20500, stack(0x0000007689a00000,0x0000007689b00000) (1024K)]
  0x0000023ecd417830 JavaThread "pool-1-thread-1"                   [_thread_blocked, id=20496, stack(0x0000007689b00000,0x0000007689c00000) (1024K)]
  0x0000023ecb384a70 JavaThread "Timer-0"                           [_thread_blocked, id=20880, stack(0x0000007688100000,0x0000007688200000) (1024K)]
  0x0000023ed90dcfc0 JavaThread "Worker-11"                         [_thread_blocked, id=25356, stack(0x0000007685d00000,0x0000007685e00000) (1024K)]
  0x0000023ed90dea00 JavaThread "Worker-12"                         [_thread_blocked, id=3220, stack(0x0000007685e00000,0x0000007685f00000) (1024K)]
Total: 39

Other Threads:
  0x0000023efe724480 VMThread "VM Thread"                           [id=18252, stack(0x0000007686200000,0x0000007686300000) (1024K)]
  0x0000023efe61ca00 WatcherThread "VM Periodic Task Thread"        [id=10888, stack(0x0000007686100000,0x0000007686200000) (1024K)]
  0x0000023ee9d8df80 WorkerThread "GC Thread#0"                     [id=15336, stack(0x0000007686000000,0x0000007686100000) (1024K)]
  0x0000023eca28c310 WorkerThread "GC Thread#1"                     [id=18768, stack(0x0000007686f00000,0x0000007687000000) (1024K)]
  0x0000023eca4a3290 WorkerThread "GC Thread#2"                     [id=18772, stack(0x0000007687000000,0x0000007687100000) (1024K)]
  0x0000023eca28c6c0 WorkerThread "GC Thread#3"                     [id=18776, stack(0x0000007687100000,0x0000007687200000) (1024K)]
  0x0000023eca28ca70 WorkerThread "GC Thread#4"                     [id=18780, stack(0x0000007687200000,0x0000007687300000) (1024K)]
  0x0000023eca960020 WorkerThread "GC Thread#5"                     [id=18784, stack(0x0000007687300000,0x0000007687400000) (1024K)]
  0x0000023eca9603d0 WorkerThread "GC Thread#6"                     [id=18788, stack(0x0000007687400000,0x0000007687500000) (1024K)]
  0x0000023eca076aa0 WorkerThread "GC Thread#7"                     [id=18764, stack(0x0000007686d00000,0x0000007686e00000) (1024K)]
  0x0000023ecaa24790 WorkerThread "GC Thread#8"                     [id=3040, stack(0x0000007687900000,0x0000007687a00000) (1024K)]
  0x0000023eca348d40 WorkerThread "GC Thread#9"                     [id=18576, stack(0x0000007687a00000,0x0000007687b00000) (1024K)]
Total: 12

Threads with active compile tasks:
Total: 0

VM state: not at safepoint (normal execution)

VM Mutex/Monitor currently owned by a thread: None

Heap address: 0x0000000080000000, size: 2048 MB, Compressed Oops mode: 32-bit

CDS archive(s) mapped at: [0x0000023e84000000-0x0000023e84ba0000-0x0000023e84ba0000), size 12189696, SharedBaseAddress: 0x0000023e84000000, ArchiveRelocationMode: 1.
Compressed class space mapped at: 0x0000023e85000000-0x0000023ec5000000, reserved size: 1073741824
Narrow klass base: 0x0000023e84000000, Narrow klass shift: 0, Narrow klass range: 0x100000000

GC Precious Log:
 CardTable entry size: 512
 CPUs: 12 total, 12 available
 Memory: 7896M
 Large Page Support: Disabled
 NUMA Support: Disabled
 Compressed Oops: Enabled (32-bit)
 Alignments: Space 512K, Generation 512K, Heap 2M
 Heap Min Capacity: 100M
 Heap Initial Capacity: 100M
 Heap Max Capacity: 2G
 Pre-touch: Disabled
 Parallel Workers: 10

Heap:
 PSYoungGen      total 10752K, used 1794K [0x00000000d5580000, 0x00000000d6200000, 0x0000000100000000)
  eden space 10240K, 14% used [0x00000000d5580000,0x00000000d56f88b0,0x00000000d5f80000)
  from space 512K, 56% used [0x00000000d6180000,0x00000000d61c8000,0x00000000d6200000)
  to   space 512K, 0% used [0x00000000d6080000,0x00000000d6080000,0x00000000d6100000)
 ParOldGen       total 121856K, used 121689K [0x0000000080000000, 0x0000000087700000, 0x00000000d5580000)
  object space 121856K, 99% used [0x0000000080000000,0x00000000876d6618,0x0000000087700000)
 Metaspace       used 74738K, committed 76416K, reserved 1179648K
  class space    used 8368K, committed 9152K, reserved 1048576K

Card table byte_map: [0x0000023efda80000,0x0000023efde90000] _byte_map_base: 0x0000023efd680000

Marking Bits: (ParMarkBitMap*) 0x00007ffe78da3450
 Begin Bits: [0x0000023e80000000, 0x0000023e82000000)
 End Bits:   [0x0000023e82000000, 0x0000023e84000000)

Polling page: 0x0000023eea1d0000

Metaspace:

Usage:
  Non-class:     64.81 MB used.
      Class:      8.17 MB used.
       Both:     72.99 MB used.

Virtual space:
  Non-class space:      128.00 MB reserved,      65.69 MB ( 51%) committed,  2 nodes.
      Class space:        1.00 GB reserved,       8.94 MB ( <1%) committed,  1 nodes.
             Both:        1.12 GB reserved,      74.62 MB (  6%) committed. 

Chunk freelists:
   Non-Class:  14.23 MB
       Class:  6.94 MB
        Both:  21.17 MB

MaxMetaspaceSize: unlimited
CompressedClassSpaceSize: 1.00 GB
Initial GC threshold: 21.00 MB
Current GC threshold: 97.31 MB
CDS: on
 - commit_granule_bytes: 65536.
 - commit_granule_words: 8192.
 - virtual_space_node_default_size: 8388608.
 - enlarge_chunks_in_place: 1.
 - use_allocation_guard: 0.


Internal statistics:

num_allocs_failed_limit: 9.
num_arena_births: 1456.
num_arena_deaths: 14.
num_vsnodes_births: 3.
num_vsnodes_deaths: 0.
num_space_committed: 1194.
num_space_uncommitted: 0.
num_chunks_returned_to_freelist: 23.
num_chunks_taken_from_freelist: 4839.
num_chunk_merges: 14.
num_chunk_splits: 3061.
num_chunks_enlarged: 1893.
num_inconsistent_stats: 0.

CodeHeap 'non-profiled nmethods': size=120000Kb used=11345Kb max_used=11345Kb free=108654Kb
 bounds [0x0000023ef6370000, 0x0000023ef6e90000, 0x0000023efd8a0000]
CodeHeap 'profiled nmethods': size=120000Kb used=32678Kb max_used=32678Kb free=87321Kb
 bounds [0x0000023eee8a0000, 0x0000023ef0890000, 0x0000023ef5dd0000]
CodeHeap 'non-nmethods': size=5760Kb used=1439Kb max_used=1535Kb free=4320Kb
 bounds [0x0000023ef5dd0000, 0x0000023ef6040000, 0x0000023ef6370000]
CodeCache: size=245760Kb, used=45462Kb, max_used=45558Kb, free=200295Kb
 total_blobs=14203, nmethods=13451, adapters=655, full_count=0
Compilation: enabled, stopped_count=0, restarted_count=0

Compilation events (20 events):
Event: 2763.777 Thread 0x0000023ee9e1e780 14309       4       java.util.concurrent.locks.LockSupport::setBlocker (12 bytes)
Event: 2763.783 Thread 0x0000023ee9e1e780 nmethod 14309 0x0000023ef6e82b10 code [0x0000023ef6e82c80, 0x0000023ef6e82d08]
Event: 3053.676 Thread 0x0000023ee9e1e780 14310   !   4       sun.security.provider.DigestBase::engineDigest (33 bytes)
Event: 3053.696 Thread 0x0000023ee9e1e780 nmethod 14310 0x0000023ef6e82e10 code [0x0000023ef6e82fc0, 0x0000023ef6e831e0]
Event: 3150.753 Thread 0x0000023ee9e2e830 14311       3       java.lang.ProcessHandleImpl::<init> (15 bytes)
Event: 3150.765 Thread 0x0000023ee9e2e830 nmethod 14311 0x0000023ef0888010 code [0x0000023ef08881c0, 0x0000023ef0888330]
Event: 3255.139 Thread 0x0000023ee9e1e780 14312       4       org.eclipse.buildship.core.internal.util.progress.RateLimitingProgressMonitor$1::run (55 bytes)
Event: 3255.221 Thread 0x0000023ee9e1e780 nmethod 14312 0x0000023ef6e83310 code [0x0000023ef6e834c0, 0x0000023ef6e83650]
Event: 3330.871 Thread 0x0000023ee9e2e830 14313       3       java.util.concurrent.locks.AbstractQueuedSynchronizer$ConditionObject::canReacquire (38 bytes)
Event: 3330.914 Thread 0x0000023ee9e2e830 nmethod 14313 0x0000023ef0888410 code [0x0000023ef08885e0, 0x0000023ef0888928]
Event: 3423.898 Thread 0x0000023ee9e2e830 14314       1       org.eclipse.osgi.internal.location.BasicLocation::isReadOnly (5 bytes)
Event: 3423.900 Thread 0x0000023ee9e2e830 nmethod 14314 0x0000023ef6e83810 code [0x0000023ef6e839a0, 0x0000023ef6e83a70]
Event: 3889.309 Thread 0x0000023ee9e2e830 14315       1       com.sun.jna.internal.Cleaner::access$200 (5 bytes)
Event: 3889.319 Thread 0x0000023ee9e2e830 nmethod 14315 0x0000023ef6e83b10 code [0x0000023ef6e83ca0, 0x0000023ef6e83d50]
Event: 3921.171 Thread 0x0000023ee9e2e830 14316       3       java.lang.ProcessHandleImpl::get (51 bytes)
Event: 3921.185 Thread 0x0000023ee9e2e830 nmethod 14316 0x0000023ef0888a90 code [0x0000023ef0888ca0, 0x0000023ef08892a8]
Event: 3921.185 Thread 0x0000023ee9e2e830 14317       3       java.lang.ProcessHandleImpl::isAlive (44 bytes)
Event: 3921.185 Thread 0x0000023ee9e2e830 nmethod 14317 0x0000023ef0889510 code [0x0000023ef08896c0, 0x0000023ef0889920]
Event: 4084.067 Thread 0x0000023ee9e1e780 14318       4       org.eclipse.osgi.container.ModuleDatabase::readUnlock (11 bytes)
Event: 4084.254 Thread 0x0000023ee9e1e780 nmethod 14318 0x0000023ef6e83e10 code [0x0000023ef6e84000, 0x0000023ef6e84340]

GC Heap History (20 events):
Event: 365.551 GC heap before
{Heap before GC invocations=76 (full 3):
 PSYoungGen      total 13824K, used 13815K [0x00000000d5580000, 0x00000000d7280000, 0x0000000100000000)
  eden space 10240K, 100% used [0x00000000d5580000,0x00000000d5f80000,0x00000000d5f80000)
  from space 3584K, 99% used [0x00000000d6780000,0x00000000d6afde28,0x00000000d6b00000)
  to   space 8192K, 0% used [0x00000000d5f80000,0x00000000d5f80000,0x00000000d6780000)
 ParOldGen       total 110592K, used 110292K [0x0000000080000000, 0x0000000086c00000, 0x00000000d5580000)
  object space 110592K, 99% used [0x0000000080000000,0x0000000086bb51e0,0x0000000086c00000)
 Metaspace       used 74070K, committed 75712K, reserved 1179648K
  class space    used 8341K, committed 9088K, reserved 1048576K
}
Event: 365.559 GC heap after
{Heap after GC invocations=76 (full 3):
 PSYoungGen      total 13312K, used 2630K [0x00000000d5580000, 0x00000000d6880000, 0x0000000100000000)
  eden space 10240K, 0% used [0x00000000d5580000,0x00000000d5580000,0x00000000d5f80000)
  from space 3072K, 85% used [0x00000000d5f80000,0x00000000d6211a98,0x00000000d6280000)
  to   space 4608K, 0% used [0x00000000d6400000,0x00000000d6400000,0x00000000d6880000)
 ParOldGen       total 113664K, used 113647K [0x0000000080000000, 0x0000000086f00000, 0x00000000d5580000)
  object space 113664K, 99% used [0x0000000080000000,0x0000000086efbe08,0x0000000086f00000)
 Metaspace       used 74070K, committed 75712K, reserved 1179648K
  class space    used 8341K, committed 9088K, reserved 1048576K
}
Event: 365.878 GC heap before
{Heap before GC invocations=77 (full 3):
 PSYoungGen      total 13312K, used 12870K [0x00000000d5580000, 0x00000000d6880000, 0x0000000100000000)
  eden space 10240K, 100% used [0x00000000d5580000,0x00000000d5f80000,0x00000000d5f80000)
  from space 3072K, 85% used [0x00000000d5f80000,0x00000000d6211a98,0x00000000d6280000)
  to   space 4608K, 0% used [0x00000000d6400000,0x00000000d6400000,0x00000000d6880000)
 ParOldGen       total 113664K, used 113647K [0x0000000080000000, 0x0000000086f00000, 0x00000000d5580000)
  object space 113664K, 99% used [0x0000000080000000,0x0000000086efbe08,0x0000000086f00000)
 Metaspace       used 74192K, committed 75840K, reserved 1179648K
  class space    used 8350K, committed 9088K, reserved 1048576K
}
Event: 365.886 GC heap after
{Heap after GC invocations=77 (full 3):
 PSYoungGen      total 13312K, used 3066K [0x00000000d5580000, 0x00000000d6700000, 0x0000000100000000)
  eden space 10240K, 0% used [0x00000000d5580000,0x00000000d5580000,0x00000000d5f80000)
  from space 3072K, 99% used [0x00000000d6400000,0x00000000d66febe0,0x00000000d6700000)
  to   space 3584K, 0% used [0x00000000d6000000,0x00000000d6000000,0x00000000d6380000)
 ParOldGen       total 116224K, used 116187K [0x0000000080000000, 0x0000000087180000, 0x00000000d5580000)
  object space 116224K, 99% used [0x0000000080000000,0x0000000087176cc0,0x0000000087180000)
 Metaspace       used 74192K, committed 75840K, reserved 1179648K
  class space    used 8350K, committed 9088K, reserved 1048576K
}
Event: 366.272 GC heap before
{Heap before GC invocations=78 (full 3):
 PSYoungGen      total 13312K, used 13280K [0x00000000d5580000, 0x00000000d6700000, 0x0000000100000000)
  eden space 10240K, 99% used [0x00000000d5580000,0x00000000d5f796e0,0x00000000d5f80000)
  from space 3072K, 99% used [0x00000000d6400000,0x00000000d66febe0,0x00000000d6700000)
  to   space 3584K, 0% used [0x00000000d6000000,0x00000000d6000000,0x00000000d6380000)
 ParOldGen       total 116224K, used 116187K [0x0000000080000000, 0x0000000087180000, 0x00000000d5580000)
  object space 116224K, 99% used [0x0000000080000000,0x0000000087176cc0,0x0000000087180000)
 Metaspace       used 74265K, committed 75904K, reserved 1179648K
  class space    used 8352K, committed 9088K, reserved 1048576K
}
Event: 366.277 GC heap after
{Heap after GC invocations=78 (full 3):
 PSYoungGen      total 12288K, used 1713K [0x00000000d5580000, 0x00000000d6480000, 0x0000000100000000)
  eden space 10240K, 0% used [0x00000000d5580000,0x00000000d5580000,0x00000000d5f80000)
  from space 2048K, 83% used [0x00000000d6000000,0x00000000d61ac778,0x00000000d6200000)
  to   space 2560K, 0% used [0x00000000d6200000,0x00000000d6200000,0x00000000d6480000)
 ParOldGen       total 119296K, used 118933K [0x0000000080000000, 0x0000000087480000, 0x00000000d5580000)
  object space 119296K, 99% used [0x0000000080000000,0x00000000874257a0,0x0000000087480000)
 Metaspace       used 74265K, committed 75904K, reserved 1179648K
  class space    used 8352K, committed 9088K, reserved 1048576K
}
Event: 420.680 GC heap before
{Heap before GC invocations=79 (full 3):
 PSYoungGen      total 12288K, used 11953K [0x00000000d5580000, 0x00000000d6480000, 0x0000000100000000)
  eden space 10240K, 99% used [0x00000000d5580000,0x00000000d5f7fff0,0x00000000d5f80000)
  from space 2048K, 83% used [0x00000000d6000000,0x00000000d61ac778,0x00000000d6200000)
  to   space 2560K, 0% used [0x00000000d6200000,0x00000000d6200000,0x00000000d6480000)
 ParOldGen       total 119296K, used 118933K [0x0000000080000000, 0x0000000087480000, 0x00000000d5580000)
  object space 119296K, 99% used [0x0000000080000000,0x00000000874257a0,0x0000000087480000)
 Metaspace       used 74479K, committed 76096K, reserved 1179648K
  class space    used 8366K, committed 9088K, reserved 1048576K
}
Event: 420.730 GC heap after
{Heap after GC invocations=79 (full 3):
 PSYoungGen      total 11776K, used 1236K [0x00000000d5580000, 0x00000000d6380000, 0x0000000100000000)
  eden space 10240K, 0% used [0x00000000d5580000,0x00000000d5580000,0x00000000d5f80000)
  from space 1536K, 80% used [0x00000000d6200000,0x00000000d63353c8,0x00000000d6380000)
  to   space 1536K, 0% used [0x00000000d6080000,0x00000000d6080000,0x00000000d6200000)
 ParOldGen       total 120320K, used 120285K [0x0000000080000000, 0x0000000087580000, 0x00000000d5580000)
  object space 120320K, 99% used [0x0000000080000000,0x0000000087577550,0x0000000087580000)
 Metaspace       used 74479K, committed 76096K, reserved 1179648K
  class space    used 8366K, committed 9088K, reserved 1048576K
}
Event: 603.245 GC heap before
{Heap before GC invocations=80 (full 3):
 PSYoungGen      total 11776K, used 11476K [0x00000000d5580000, 0x00000000d6380000, 0x0000000100000000)
  eden space 10240K, 100% used [0x00000000d5580000,0x00000000d5f80000,0x00000000d5f80000)
  from space 1536K, 80% used [0x00000000d6200000,0x00000000d63353c8,0x00000000d6380000)
  to   space 1536K, 0% used [0x00000000d6080000,0x00000000d6080000,0x00000000d6200000)
 ParOldGen       total 120320K, used 120285K [0x0000000080000000, 0x0000000087580000, 0x00000000d5580000)
  object space 120320K, 99% used [0x0000000080000000,0x0000000087577550,0x0000000087580000)
 Metaspace       used 74503K, committed 76160K, reserved 1179648K
  class space    used 8366K, committed 9088K, reserved 1048576K
}
Event: 603.278 GC heap after
{Heap after GC invocations=80 (full 3):
 PSYoungGen      total 10752K, used 320K [0x00000000d5580000, 0x00000000d6280000, 0x0000000100000000)
  eden space 10240K, 0% used [0x00000000d5580000,0x00000000d5580000,0x00000000d5f80000)
  from space 512K, 62% used [0x00000000d6080000,0x00000000d60d0000,0x00000000d6100000)
  to   space 1024K, 0% used [0x00000000d6180000,0x00000000d6180000,0x00000000d6280000)
 ParOldGen       total 121344K, used 121297K [0x0000000080000000, 0x0000000087680000, 0x00000000d5580000)
  object space 121344K, 99% used [0x0000000080000000,0x0000000087674618,0x0000000087680000)
 Metaspace       used 74503K, committed 76160K, reserved 1179648K
  class space    used 8366K, committed 9088K, reserved 1048576K
}
Event: 740.530 GC heap before
{Heap before GC invocations=81 (full 3):
 PSYoungGen      total 10752K, used 10560K [0x00000000d5580000, 0x00000000d6280000, 0x0000000100000000)
  eden space 10240K, 100% used [0x00000000d5580000,0x00000000d5f80000,0x00000000d5f80000)
  from space 512K, 62% used [0x00000000d6080000,0x00000000d60d0000,0x00000000d6100000)
  to   space 1024K, 0% used [0x00000000d6180000,0x00000000d6180000,0x00000000d6280000)
 ParOldGen       total 121344K, used 121297K [0x0000000080000000, 0x0000000087680000, 0x00000000d5580000)
  object space 121344K, 99% used [0x0000000080000000,0x0000000087674618,0x0000000087680000)
 Metaspace       used 74560K, committed 76160K, reserved 1179648K
  class space    used 8367K, committed 9088K, reserved 1048576K
}
Event: 740.590 GC heap after
{Heap after GC invocations=81 (full 3):
 PSYoungGen      total 10752K, used 320K [0x00000000d5580000, 0x00000000d6200000, 0x0000000100000000)
  eden space 10240K, 0% used [0x00000000d5580000,0x00000000d5580000,0x00000000d5f80000)
  from space 512K, 62% used [0x00000000d6180000,0x00000000d61d0000,0x00000000d6200000)
  to   space 512K, 0% used [0x00000000d6080000,0x00000000d6080000,0x00000000d6100000)
 ParOldGen       total 121856K, used 121361K [0x0000000080000000, 0x0000000087700000, 0x00000000d5580000)
  object space 121856K, 99% used [0x0000000080000000,0x0000000087684618,0x0000000087700000)
 Metaspace       used 74560K, committed 76160K, reserved 1179648K
  class space    used 8367K, committed 9088K, reserved 1048576K
}
Event: 906.586 GC heap before
{Heap before GC invocations=82 (full 3):
 PSYoungGen      total 10752K, used 10560K [0x00000000d5580000, 0x00000000d6200000, 0x0000000100000000)
  eden space 10240K, 100% used [0x00000000d5580000,0x00000000d5f80000,0x00000000d5f80000)
  from space 512K, 62% used [0x00000000d6180000,0x00000000d61d0000,0x00000000d6200000)
  to   space 512K, 0% used [0x00000000d6080000,0x00000000d6080000,0x00000000d6100000)
 ParOldGen       total 121856K, used 121361K [0x0000000080000000, 0x0000000087700000, 0x00000000d5580000)
  object space 121856K, 99% used [0x0000000080000000,0x0000000087684618,0x0000000087700000)
 Metaspace       used 74591K, committed 76224K, reserved 1179648K
  class space    used 8367K, committed 9088K, reserved 1048576K
}
Event: 906.626 GC heap after
{Heap after GC invocations=82 (full 3):
 PSYoungGen      total 10752K, used 320K [0x00000000d5580000, 0x00000000d6200000, 0x0000000100000000)
  eden space 10240K, 0% used [0x00000000d5580000,0x00000000d5580000,0x00000000d5f80000)
  from space 512K, 62% used [0x00000000d6080000,0x00000000d60d0000,0x00000000d6100000)
  to   space 512K, 0% used [0x00000000d6180000,0x00000000d6180000,0x00000000d6200000)
 ParOldGen       total 121856K, used 121481K [0x0000000080000000, 0x0000000087700000, 0x00000000d5580000)
  object space 121856K, 99% used [0x0000000080000000,0x00000000876a2618,0x0000000087700000)
 Metaspace       used 74591K, committed 76224K, reserved 1179648K
  class space    used 8367K, committed 9088K, reserved 1048576K
}
Event: 988.579 GC heap before
{Heap before GC invocations=83 (full 3):
 PSYoungGen      total 10752K, used 10560K [0x00000000d5580000, 0x00000000d6200000, 0x0000000100000000)
  eden space 10240K, 100% used [0x00000000d5580000,0x00000000d5f80000,0x00000000d5f80000)
  from space 512K, 62% used [0x00000000d6080000,0x00000000d60d0000,0x00000000d6100000)
  to   space 512K, 0% used [0x00000000d6180000,0x00000000d6180000,0x00000000d6200000)
 ParOldGen       total 121856K, used 121481K [0x0000000080000000, 0x0000000087700000, 0x00000000d5580000)
  object space 121856K, 99% used [0x0000000080000000,0x00000000876a2618,0x0000000087700000)
 Metaspace       used 74622K, committed 76224K, reserved 1179648K
  class space    used 8367K, committed 9088K, reserved 1048576K
}
Event: 988.610 GC heap after
{Heap after GC invocations=83 (full 3):
 PSYoungGen      total 10752K, used 320K [0x00000000d5580000, 0x00000000d6200000, 0x0000000100000000)
  eden space 10240K, 0% used [0x00000000d5580000,0x00000000d5580000,0x00000000d5f80000)
  from space 512K, 62% used [0x00000000d6180000,0x00000000d61d0000,0x00000000d6200000)
  to   space 512K, 0% used [0x00000000d6080000,0x00000000d6080000,0x00000000d6100000)
 ParOldGen       total 121856K, used 121553K [0x0000000080000000, 0x0000000087700000, 0x00000000d5580000)
  object space 121856K, 99% used [0x0000000080000000,0x00000000876b4618,0x0000000087700000)
 Metaspace       used 74622K, committed 76224K, reserved 1179648K
  class space    used 8367K, committed 9088K, reserved 1048576K
}
Event: 1017.684 GC heap before
{Heap before GC invocations=84 (full 3):
 PSYoungGen      total 10752K, used 10560K [0x00000000d5580000, 0x00000000d6200000, 0x0000000100000000)
  eden space 10240K, 100% used [0x00000000d5580000,0x00000000d5f80000,0x00000000d5f80000)
  from space 512K, 62% used [0x00000000d6180000,0x00000000d61d0000,0x00000000d6200000)
  to   space 512K, 0% used [0x00000000d6080000,0x00000000d6080000,0x00000000d6100000)
 ParOldGen       total 121856K, used 121553K [0x0000000080000000, 0x0000000087700000, 0x00000000d5580000)
  object space 121856K, 99% used [0x0000000080000000,0x00000000876b4618,0x0000000087700000)
 Metaspace       used 74684K, committed 76352K, reserved 1179648K
  class space    used 8368K, committed 9152K, reserved 1048576K
}
Event: 1017.737 GC heap after
{Heap after GC invocations=84 (full 3):
 PSYoungGen      total 10752K, used 288K [0x00000000d5580000, 0x00000000d6200000, 0x0000000100000000)
  eden space 10240K, 0% used [0x00000000d5580000,0x00000000d5580000,0x00000000d5f80000)
  from space 512K, 56% used [0x00000000d6080000,0x00000000d60c8000,0x00000000d6100000)
  to   space 512K, 0% used [0x00000000d6180000,0x00000000d6180000,0x00000000d6200000)
 ParOldGen       total 121856K, used 121609K [0x0000000080000000, 0x0000000087700000, 0x00000000d5580000)
  object space 121856K, 99% used [0x0000000080000000,0x00000000876c2618,0x0000000087700000)
 Metaspace       used 74684K, committed 76352K, reserved 1179648K
  class space    used 8368K, committed 9152K, reserved 1048576K
}
Event: 1312.485 GC heap before
{Heap before GC invocations=85 (full 3):
 PSYoungGen      total 10752K, used 10528K [0x00000000d5580000, 0x00000000d6200000, 0x0000000100000000)
  eden space 10240K, 100% used [0x00000000d5580000,0x00000000d5f80000,0x00000000d5f80000)
  from space 512K, 56% used [0x00000000d6080000,0x00000000d60c8000,0x00000000d6100000)
  to   space 512K, 0% used [0x00000000d6180000,0x00000000d6180000,0x00000000d6200000)
 ParOldGen       total 121856K, used 121609K [0x0000000080000000, 0x0000000087700000, 0x00000000d5580000)
  object space 121856K, 99% used [0x0000000080000000,0x00000000876c2618,0x0000000087700000)
 Metaspace       used 74726K, committed 76416K, reserved 1179648K
  class space    used 8368K, committed 9152K, reserved 1048576K
}
Event: 1312.549 GC heap after
{Heap after GC invocations=85 (full 3):
 PSYoungGen      total 10752K, used 288K [0x00000000d5580000, 0x00000000d6200000, 0x0000000100000000)
  eden space 10240K, 0% used [0x00000000d5580000,0x00000000d5580000,0x00000000d5f80000)
  from space 512K, 56% used [0x00000000d6180000,0x00000000d61c8000,0x00000000d6200000)
  to   space 512K, 0% used [0x00000000d6080000,0x00000000d6080000,0x00000000d6100000)
 ParOldGen       total 121856K, used 121689K [0x0000000080000000, 0x0000000087700000, 0x00000000d5580000)
  object space 121856K, 99% used [0x0000000080000000,0x00000000876d6618,0x0000000087700000)
 Metaspace       used 74726K, committed 76416K, reserved 1179648K
  class space    used 8368K, committed 9152K, reserved 1048576K
}

Dll operation events (15 events):
Event: 0.022 Loaded shared library c:\Users\jhame\.vscode\extensions\redhat.java-1.53.0-win32-x64\jre\21.0.10-win32-x86_64\bin\java.dll
Event: 0.245 Loaded shared library c:\Users\jhame\.vscode\extensions\redhat.java-1.53.0-win32-x64\jre\21.0.10-win32-x86_64\bin\zip.dll
Event: 0.285 Loaded shared library C:\Users\jhame\.vscode\extensions\redhat.java-1.53.0-win32-x64\jre\21.0.10-win32-x86_64\bin\instrument.dll
Event: 0.296 Loaded shared library C:\Users\jhame\.vscode\extensions\redhat.java-1.53.0-win32-x64\jre\21.0.10-win32-x86_64\bin\net.dll
Event: 0.302 Loaded shared library C:\Users\jhame\.vscode\extensions\redhat.java-1.53.0-win32-x64\jre\21.0.10-win32-x86_64\bin\nio.dll
Event: 0.309 Loaded shared library C:\Users\jhame\.vscode\extensions\redhat.java-1.53.0-win32-x64\jre\21.0.10-win32-x86_64\bin\zip.dll
Event: 0.345 Loaded shared library C:\Users\jhame\.vscode\extensions\redhat.java-1.53.0-win32-x64\jre\21.0.10-win32-x86_64\bin\jimage.dll
Event: 0.522 Loaded shared library c:\Users\jhame\.vscode\extensions\redhat.java-1.53.0-win32-x64\jre\21.0.10-win32-x86_64\bin\verify.dll
Event: 12.602 Loaded shared library C:\Users\jhame\AppData\Roaming\Code\User\globalStorage\redhat.java\1.53.0\config_win\org.eclipse.equinox.launcher\org.eclipse.equinox.launcher.win32.win32.x86_64_1.3.0.v20260203-2149\eclipse_11919.dll
Event: 34.458 Loaded shared library C:\Users\jhame\AppData\Local\Temp\jna-101088187\jna282193637921151535.dll
Event: 84.843 Loaded shared library C:\Users\jhame\.gradle\native\1def1411415f61bf3af743bc5b6707747c0891f09f0c88961ee8f79bc544acac\windows-amd64\native-platform.dll
Event: 142.686 Loaded shared library C:\Users\jhame\.vscode\extensions\redhat.java-1.53.0-win32-x64\jre\21.0.10-win32-x86_64\bin\management.dll
Event: 142.842 Loaded shared library C:\Users\jhame\.vscode\extensions\redhat.java-1.53.0-win32-x64\jre\21.0.10-win32-x86_64\bin\management_ext.dll
Event: 144.384 Loaded shared library C:\Users\jhame\.vscode\extensions\redhat.java-1.53.0-win32-x64\jre\21.0.10-win32-x86_64\bin\extnet.dll
Event: 155.928 Loaded shared library C:\Users\jhame\.vscode\extensions\redhat.java-1.53.0-win32-x64\jre\21.0.10-win32-x86_64\bin\sunmscapi.dll

Deoptimization events (20 events):
Event: 1235.595 Thread 0x0000023ecd51efc0 DEOPT PACKING pc=0x0000023ef0864b41 sp=0x0000007689afe820
Event: 1235.595 Thread 0x0000023ecd51efc0 DEOPT UNPACKING pc=0x0000023ef5e24242 sp=0x0000007689afdd00 mode 0
Event: 1235.613 Thread 0x0000023ecd51efc0 DEOPT PACKING pc=0x0000023ef0864b41 sp=0x0000007689afe820
Event: 1235.613 Thread 0x0000023ecd51efc0 DEOPT UNPACKING pc=0x0000023ef5e24242 sp=0x0000007689afdd00 mode 0
Event: 1235.658 Thread 0x0000023ecd51efc0 DEOPT PACKING pc=0x0000023ef0864b41 sp=0x0000007689afe820
Event: 1235.658 Thread 0x0000023ecd51efc0 DEOPT UNPACKING pc=0x0000023ef5e24242 sp=0x0000007689afdd00 mode 0
Event: 1235.691 Thread 0x0000023ecd51efc0 DEOPT PACKING pc=0x0000023ef0864b41 sp=0x0000007689afe820
Event: 1235.691 Thread 0x0000023ecd51efc0 DEOPT UNPACKING pc=0x0000023ef5e24242 sp=0x0000007689afdd00 mode 0
Event: 1253.435 Thread 0x0000023ed90dea00 Uncommon trap: trap_request=0xffffff45 fr.pc=0x0000023ef6971250 relative=0x0000000000001810
Event: 1253.435 Thread 0x0000023ed90dea00 Uncommon trap: reason=unstable_if action=reinterpret pc=0x0000023ef6971250 method=org.eclipse.core.internal.utils.StringPool.add(Ljava/lang/String;)Ljava/lang/String; @ 1 c2
Event: 1253.435 Thread 0x0000023ed90dea00 DEOPT PACKING pc=0x0000023ef6971250 sp=0x0000007685efec30
Event: 1253.435 Thread 0x0000023ed90dea00 DEOPT UNPACKING pc=0x0000023ef5e23aa2 sp=0x0000007685efebc8 mode 2
Event: 1253.436 Thread 0x0000023ed90dea00 Uncommon trap: trap_request=0xffffff45 fr.pc=0x0000023ef6975d9c relative=0x000000000000011c
Event: 1253.436 Thread 0x0000023ed90dea00 Uncommon trap: reason=unstable_if action=reinterpret pc=0x0000023ef6975d9c method=org.eclipse.core.internal.dtree.DataTreeNode.storeStrings(Lorg/eclipse/core/internal/utils/StringPool;)V @ 14 c2
Event: 1253.436 Thread 0x0000023ed90dea00 DEOPT PACKING pc=0x0000023ef6975d9c sp=0x0000007685efecf0
Event: 1253.436 Thread 0x0000023ed90dea00 DEOPT UNPACKING pc=0x0000023ef5e23aa2 sp=0x0000007685efec88 mode 2
Event: 1253.436 Thread 0x0000023ed90dea00 Uncommon trap: trap_request=0xffffff45 fr.pc=0x0000023ef696b594 relative=0x00000000000007d4
Event: 1253.436 Thread 0x0000023ed90dea00 Uncommon trap: reason=unstable_if action=reinterpret pc=0x0000023ef696b594 method=org.eclipse.core.internal.utils.StringPool.add(Ljava/lang/String;)Ljava/lang/String; @ 1 c2
Event: 1253.436 Thread 0x0000023ed90dea00 DEOPT PACKING pc=0x0000023ef696b594 sp=0x0000007685efebc0
Event: 1253.437 Thread 0x0000023ed90dea00 DEOPT UNPACKING pc=0x0000023ef5e23aa2 sp=0x0000007685efeb98 mode 2

Classes loaded (20 events):
Event: 358.321 Loading class java/util/stream/Nodes$IntFixedNodeBuilder
Event: 358.321 Loading class java/util/stream/Node$Builder$OfInt
Event: 358.322 Loading class java/util/stream/Node$Builder$OfInt done
Event: 358.322 Loading class java/util/stream/Nodes$IntArrayNode
Event: 358.322 Loading class java/util/stream/Nodes$IntArrayNode done
Event: 358.322 Loading class java/util/stream/Nodes$IntFixedNodeBuilder done
Event: 358.322 Loading class java/util/stream/ReferencePipeline$4$1
Event: 358.322 Loading class java/util/stream/ReferencePipeline$4$1 done
Event: 358.508 Loading class java/util/stream/ReduceOps$4
Event: 358.508 Loading class java/util/stream/ReduceOps$4 done
Event: 358.509 Loading class java/util/stream/ReduceOps$4ReducingSink
Event: 358.509 Loading class java/util/stream/ReduceOps$4ReducingSink done
Event: 358.512 Loading class java/nio/file/Files$2
Event: 358.513 Loading class java/nio/file/Files$2 done
Event: 360.084 Loading class java/util/Hashtable$ValueCollection
Event: 360.084 Loading class java/util/Hashtable$ValueCollection done
Event: 360.119 Loading class java/util/concurrent/ConcurrentHashMap$KeySpliterator
Event: 360.121 Loading class java/util/concurrent/ConcurrentHashMap$KeySpliterator done
Event: 360.155 Loading class sun/nio/ch/ChannelOutputStream
Event: 360.155 Loading class sun/nio/ch/ChannelOutputStream done

Classes unloaded (7 events):
Event: 45.680 Thread 0x0000023efe724480 Unloading class 0x0000023e851ab000 'java/lang/invoke/LambdaForm$MH+0x0000023e851ab000'
Event: 45.680 Thread 0x0000023efe724480 Unloading class 0x0000023e851aac00 'java/lang/invoke/LambdaForm$MH+0x0000023e851aac00'
Event: 45.680 Thread 0x0000023efe724480 Unloading class 0x0000023e851aa800 'java/lang/invoke/LambdaForm$MH+0x0000023e851aa800'
Event: 45.680 Thread 0x0000023efe724480 Unloading class 0x0000023e851aa400 'java/lang/invoke/LambdaForm$MH+0x0000023e851aa400'
Event: 45.680 Thread 0x0000023efe724480 Unloading class 0x0000023e851aa000 'java/lang/invoke/LambdaForm$BMH+0x0000023e851aa000'
Event: 45.680 Thread 0x0000023efe724480 Unloading class 0x0000023e851a9c00 'java/lang/invoke/LambdaForm$DMH+0x0000023e851a9c00'
Event: 45.680 Thread 0x0000023efe724480 Unloading class 0x0000023e851a8800 'java/lang/invoke/LambdaForm$DMH+0x0000023e851a8800'

Classes redefined (0 events):
No events

Internal exceptions (20 events):
Event: 1002.975 Thread 0x0000023ecd5179a0 Exception <a 'sun/nio/fs/WindowsException'{0x00000000d5aa4378}> (0x00000000d5aa4378) 
thrown [s\src\hotspot\share\prims\jni.cpp, line 520]
Event: 1002.976 Thread 0x0000023ecd5179a0 Exception <a 'sun/nio/fs/WindowsException'{0x00000000d5aa4d18}> (0x00000000d5aa4d18) 
thrown [s\src\hotspot\share\prims\jni.cpp, line 520]
Event: 1002.984 Thread 0x0000023ecd5179a0 Exception <a 'sun/nio/fs/WindowsException'{0x00000000d5acdf20}> (0x00000000d5acdf20) 
thrown [s\src\hotspot\share\prims\jni.cpp, line 520]
Event: 1002.985 Thread 0x0000023ecd5179a0 Exception <a 'sun/nio/fs/WindowsException'{0x00000000d5ace8c0}> (0x00000000d5ace8c0) 
thrown [s\src\hotspot\share\prims\jni.cpp, line 520]
Event: 1002.985 Thread 0x0000023ecd5179a0 Exception <a 'sun/nio/fs/WindowsException'{0x00000000d5ad00c0}> (0x00000000d5ad00c0) 
thrown [s\src\hotspot\share\prims\jni.cpp, line 520]
Event: 1002.985 Thread 0x0000023ecd5179a0 Exception <a 'sun/nio/fs/WindowsException'{0x00000000d5ad0ce0}> (0x00000000d5ad0ce0) 
thrown [s\src\hotspot\share\prims\jni.cpp, line 520]
Event: 1002.986 Thread 0x0000023ecd5179a0 Exception <a 'sun/nio/fs/WindowsException'{0x00000000d5ad2420}> (0x00000000d5ad2420) 
thrown [s\src\hotspot\share\prims\jni.cpp, line 520]
Event: 1002.986 Thread 0x0000023ecd5179a0 Exception <a 'sun/nio/fs/WindowsException'{0x00000000d5ad2dc0}> (0x00000000d5ad2dc0) 
thrown [s\src\hotspot\share\prims\jni.cpp, line 520]
Event: 1253.435 Thread 0x0000023ed90dea00 Implicit null exception at 0x0000023ef696fa8e to 0x0000023ef697123c
Event: 1253.436 Thread 0x0000023ed90dea00 Implicit null exception at 0x0000023ef696ae03 to 0x0000023ef696b584
Event: 1312.445 Thread 0x0000023ed90dea00 Exception <a 'sun/nio/fs/WindowsException'{0x00000000d5f4e338}> (0x00000000d5f4e338) 
thrown [s\src\hotspot\share\prims\jni.cpp, line 520]
Event: 1312.452 Thread 0x0000023ed90dea00 Exception <a 'sun/nio/fs/WindowsException'{0x00000000d5f4ecf8}> (0x00000000d5f4ecf8) 
thrown [s\src\hotspot\share\prims\jni.cpp, line 520]
Event: 1312.468 Thread 0x0000023ed90dea00 Exception <a 'sun/nio/fs/WindowsException'{0x00000000d5f57010}> (0x00000000d5f57010) 
thrown [s\src\hotspot\share\prims\jni.cpp, line 520]
Event: 1312.469 Thread 0x0000023ed90dea00 Exception <a 'sun/nio/fs/WindowsException'{0x00000000d5f579b0}> (0x00000000d5f579b0) 
thrown [s\src\hotspot\share\prims\jni.cpp, line 520]
Event: 1312.550 Thread 0x0000023ed90dea00 Exception <a 'sun/nio/fs/WindowsException'{0x00000000d55826d0}> (0x00000000d55826d0) 
thrown [s\src\hotspot\share\prims\jni.cpp, line 520]
Event: 1312.551 Thread 0x0000023ed90dea00 Exception <a 'sun/nio/fs/WindowsException'{0x00000000d5583070}> (0x00000000d5583070) 
thrown [s\src\hotspot\share\prims\jni.cpp, line 520]
Event: 1312.552 Thread 0x0000023ed90dea00 Exception <a 'sun/nio/fs/WindowsException'{0x00000000d5584af8}> (0x00000000d5584af8) 
thrown [s\src\hotspot\share\prims\jni.cpp, line 520]
Event: 1312.553 Thread 0x0000023ed90dea00 Exception <a 'sun/nio/fs/WindowsException'{0x00000000d5585498}> (0x00000000d5585498) 
thrown [s\src\hotspot\share\prims\jni.cpp, line 520]
Event: 1312.554 Thread 0x0000023ed90dea00 Exception <a 'sun/nio/fs/WindowsException'{0x00000000d5586e30}> (0x00000000d5586e30) 
thrown [s\src\hotspot\share\prims\jni.cpp, line 520]
Event: 1312.554 Thread 0x0000023ed90dea00 Exception <a 'sun/nio/fs/WindowsException'{0x00000000d55877d0}> (0x00000000d55877d0) 
thrown [s\src\hotspot\share\prims\jni.cpp, line 520]

ZGC Phase Switch (0 events):
No events

VM Operations (20 events):
Event: 3908.413 Executing non-safepoint VM operation: RendezvousGCThreads
Event: 3908.413 Executing non-safepoint VM operation: RendezvousGCThreads done
Event: 3954.517 Executing safepoint VM operation: Cleanup
Event: 3954.518 Executing safepoint VM operation: Cleanup done
Event: 3968.585 Executing non-safepoint VM operation: HandshakeAllThreads (HandshakeForDeflation)
Event: 3968.585 Executing non-safepoint VM operation: HandshakeAllThreads (HandshakeForDeflation) done
Event: 3968.586 Executing non-safepoint VM operation: RendezvousGCThreads
Event: 3968.586 Executing non-safepoint VM operation: RendezvousGCThreads done
Event: 4028.616 Executing non-safepoint VM operation: HandshakeAllThreads (HandshakeForDeflation)
Event: 4028.616 Executing non-safepoint VM operation: HandshakeAllThreads (HandshakeForDeflation) done
Event: 4028.617 Executing non-safepoint VM operation: RendezvousGCThreads
Event: 4028.617 Executing non-safepoint VM operation: RendezvousGCThreads done
Event: 4088.773 Executing non-safepoint VM operation: HandshakeAllThreads (HandshakeForDeflation)
Event: 4088.777 Executing non-safepoint VM operation: HandshakeAllThreads (HandshakeForDeflation) done
Event: 4088.778 Executing non-safepoint VM operation: RendezvousGCThreads
Event: 4088.778 Executing non-safepoint VM operation: RendezvousGCThreads done
Event: 4148.948 Executing non-safepoint VM operation: HandshakeAllThreads (HandshakeForDeflation)
Event: 4148.959 Executing non-safepoint VM operation: HandshakeAllThreads (HandshakeForDeflation) done
Event: 4148.961 Executing non-safepoint VM operation: RendezvousGCThreads
Event: 4148.962 Executing non-safepoint VM operation: RendezvousGCThreads done

Memory protections (0 events):
No events

Nmethod flushes (20 events):
Event: 145.219 Thread 0x0000023efe724480 flushing  nmethod 0x0000023eef1cdd10
Event: 145.219 Thread 0x0000023efe724480 flushing  nmethod 0x0000023eef1dcd90
Event: 145.219 Thread 0x0000023efe724480 flushing  nmethod 0x0000023eef1e0090
Event: 145.219 Thread 0x0000023efe724480 flushing  nmethod 0x0000023eef1e0510
Event: 145.219 Thread 0x0000023efe724480 flushing  nmethod 0x0000023eef1e5310
Event: 145.219 Thread 0x0000023efe724480 flushing  nmethod 0x0000023eef20b290
Event: 145.219 Thread 0x0000023efe724480 flushing osr nmethod 0x0000023eef214790
Event: 145.219 Thread 0x0000023efe724480 flushing  nmethod 0x0000023eef216590
Event: 145.219 Thread 0x0000023efe724480 flushing  nmethod 0x0000023eef216f10
Event: 145.219 Thread 0x0000023efe724480 flushing  nmethod 0x0000023eef217b10
Event: 145.219 Thread 0x0000023efe724480 flushing  nmethod 0x0000023eef218510
Event: 145.219 Thread 0x0000023efe724480 flushing  nmethod 0x0000023eef218890
Event: 145.220 Thread 0x0000023efe724480 flushing  nmethod 0x0000023eef21c210
Event: 145.220 Thread 0x0000023efe724480 flushing  nmethod 0x0000023eef252010
Event: 145.220 Thread 0x0000023efe724480 flushing  nmethod 0x0000023eef252610
Event: 145.220 Thread 0x0000023efe724480 flushing  nmethod 0x0000023eef253490
Event: 145.220 Thread 0x0000023efe724480 flushing  nmethod 0x0000023eef255710
Event: 145.220 Thread 0x0000023efe724480 flushing  nmethod 0x0000023eef277b90
Event: 145.220 Thread 0x0000023efe724480 flushing  nmethod 0x0000023eef293610
Event: 145.220 Thread 0x0000023efe724480 flushing  nmethod 0x0000023eef2aec10

Events (20 events):
Event: 1076.902 Thread 0x0000023ecea89830 Thread exited: 0x0000023ecea89830
Event: 1152.346 Thread 0x0000023ecd5179a0 Thread exited: 0x0000023ecd5179a0
Event: 1312.352 Thread 0x0000023ed90dea00 Thread added: 0x0000023ecfb530a0
Event: 1312.375 Thread 0x0000023ecfb530a0 Thread exited: 0x0000023ecfb530a0
Event: 1312.563 Thread 0x0000023ed90dea00 Thread added: 0x0000023ecfb54450
Event: 1312.567 Thread 0x0000023ecfb54450 Thread added: 0x0000023ecfb530a0
Event: 1312.568 Thread 0x0000023ecfb530a0 Thread added: 0x0000023ecfb53730
Event: 1312.569 Thread 0x0000023ecfb530a0 Thread added: 0x0000023ecfb51cf0
Event: 1312.571 Thread 0x0000023ecfb54450 Thread added: 0x0000023ecfb51660
Event: 1312.571 Thread 0x0000023ecfb530a0 Thread added: 0x0000023ecfb52a10
Event: 1312.574 Thread 0x0000023ecfb530a0 Thread added: 0x0000023ecfb50fd0
Event: 1312.575 Thread 0x0000023ecfb51660 Thread added: 0x0000023ecfb54ae0
Event: 1312.579 Thread 0x0000023ecfb54ae0 Thread exited: 0x0000023ecfb54ae0
Event: 1312.579 Thread 0x0000023ecfb54450 Thread exited: 0x0000023ecfb54450
Event: 1312.579 Thread 0x0000023ecfb51660 Thread exited: 0x0000023ecfb51660
Event: 1312.579 Thread 0x0000023ecfb50fd0 Thread exited: 0x0000023ecfb50fd0
Event: 1312.580 Thread 0x0000023ecfb51cf0 Thread exited: 0x0000023ecfb51cf0
Event: 1312.580 Thread 0x0000023ecfb530a0 Thread exited: 0x0000023ecfb530a0
Event: 1312.580 Thread 0x0000023ecfb53730 Thread exited: 0x0000023ecfb53730
Event: 1312.580 Thread 0x0000023ecfb52a10 Thread exited: 0x0000023ecfb52a10


Dynamic libraries:
0x00007ff7f9530000 - 0x00007ff7f953e000 	c:\Users\jhame\.vscode\extensions\redhat.java-1.53.0-win32-x64\jre\21.0.10-win32-x86_64\bin\java.exe
0x00007fff105a0000 - 0x00007fff10808000 	C:\WINDOWS\SYSTEM32\ntdll.dll
0x00007fff0e4b0000 - 0x00007fff0e579000 	C:\WINDOWS\System32\KERNEL32.DLL
0x00007fff0d4b0000 - 0x00007fff0d8a1000 	C:\WINDOWS\System32\KERNELBASE.dll
0x00007fff0d1e0000 - 0x00007fff0d32b000 	C:\WINDOWS\System32\ucrtbase.dll
0x00007ffe79b00000 - 0x00007ffe79b18000 	c:\Users\jhame\.vscode\extensions\redhat.java-1.53.0-win32-x64\jre\21.0.10-win32-x86_64\bin\jli.dll
0x00007fff0efd0000 - 0x00007fff0f196000 	C:\WINDOWS\System32\USER32.dll
0x00007fff0d080000 - 0x00007fff0d0a7000 	C:\WINDOWS\System32\win32u.dll
0x00007fff0e7d0000 - 0x00007fff0e7fb000 	C:\WINDOWS\System32\GDI32.dll
0x00007fff0d0b0000 - 0x00007fff0d1db000 	C:\WINDOWS\System32\gdi32full.dll
0x00007fff0cfd0000 - 0x00007fff0d073000 	C:\WINDOWS\System32\msvcp_win.dll
0x00007ffe796b0000 - 0x00007ffe796ce000 	c:\Users\jhame\.vscode\extensions\redhat.java-1.53.0-win32-x64\jre\21.0.10-win32-x86_64\bin\VCRUNTIME140.dll
0x00007ffef0cc0000 - 0x00007ffef0f53000 	C:\WINDOWS\WinSxS\amd64_microsoft.windows.common-controls_6595b64144ccf1df_6.0.26100.7824_none_3e0870b2e3345462\COMCTL32.dll
0x00007fff0f980000 - 0x00007fff0fa29000 	C:\WINDOWS\System32\msvcrt.dll
0x00007fff10520000 - 0x00007fff10551000 	C:\WINDOWS\System32\IMM32.DLL
0x00007ffe796a0000 - 0x00007ffe796ac000 	c:\Users\jhame\.vscode\extensions\redhat.java-1.53.0-win32-x64\jre\21.0.10-win32-x86_64\bin\vcruntime140_1.dll
0x00007ffe78e90000 - 0x00007ffe78f1d000 	c:\Users\jhame\.vscode\extensions\redhat.java-1.53.0-win32-x64\jre\21.0.10-win32-x86_64\bin\msvcp140.dll
0x00007ffe780e0000 - 0x00007ffe78e81000 	c:\Users\jhame\.vscode\extensions\redhat.java-1.53.0-win32-x64\jre\21.0.10-win32-x86_64\bin\server\jvm.dll
0x00007fff0ef10000 - 0x00007fff0efc4000 	C:\WINDOWS\System32\ADVAPI32.dll
0x00007fff0f710000 - 0x00007fff0f7b6000 	C:\WINDOWS\System32\sechost.dll
0x00007fff0e5b0000 - 0x00007fff0e6c8000 	C:\WINDOWS\System32\RPCRT4.dll
0x00007fff0f900000 - 0x00007fff0f974000 	C:\WINDOWS\System32\WS2_32.dll
0x00007fff0cce0000 - 0x00007fff0cd3e000 	C:\WINDOWS\SYSTEM32\POWRPROF.dll
0x00007ffef7970000 - 0x00007ffef79a5000 	C:\WINDOWS\SYSTEM32\WINMM.dll
0x00007fff01370000 - 0x00007fff0137b000 	C:\WINDOWS\SYSTEM32\VERSION.dll
0x00007fff0ccc0000 - 0x00007fff0ccd4000 	C:\WINDOWS\SYSTEM32\UMPDC.dll
0x00007fff0bc20000 - 0x00007fff0bc3b000 	C:\WINDOWS\SYSTEM32\kernel.appcore.dll
0x00007ffe79690000 - 0x00007ffe7969a000 	c:\Users\jhame\.vscode\extensions\redhat.java-1.53.0-win32-x64\jre\21.0.10-win32-x86_64\bin\jimage.dll
0x00007fff0ab40000 - 0x00007fff0ad82000 	C:\WINDOWS\SYSTEM32\DBGHELP.DLL
0x00007fff0e890000 - 0x00007fff0ec16000 	C:\WINDOWS\System32\combase.dll
0x00007fff0f1a0000 - 0x00007fff0f277000 	C:\WINDOWS\System32\OLEAUT32.dll
0x00007ffed2fd0000 - 0x00007ffed300b000 	C:\WINDOWS\SYSTEM32\dbgcore.DLL
0x00007fff0e120000 - 0x00007fff0e1c5000 	C:\WINDOWS\System32\bcryptPrimitives.dll
0x00007ffe79680000 - 0x00007ffe7968f000 	c:\Users\jhame\.vscode\extensions\redhat.java-1.53.0-win32-x64\jre\21.0.10-win32-x86_64\bin\instrument.dll
0x00007ffedeca0000 - 0x00007ffedecc0000 	c:\Users\jhame\.vscode\extensions\redhat.java-1.53.0-win32-x64\jre\21.0.10-win32-x86_64\bin\java.dll
0x00007fff0fce0000 - 0x00007fff10432000 	C:\WINDOWS\System32\SHELL32.dll
0x00007fff0e1d0000 - 0x00007fff0e33a000 	C:\WINDOWS\System32\wintypes.dll
0x00007fff0d8b0000 - 0x00007fff0e113000 	C:\WINDOWS\System32\windows.storage.dll
0x00007fff0fa30000 - 0x00007fff0fb26000 	C:\WINDOWS\System32\SHCORE.dll
0x00007fff0e6d0000 - 0x00007fff0e737000 	C:\WINDOWS\System32\shlwapi.dll
0x00007fff0cda0000 - 0x00007fff0cdc9000 	C:\WINDOWS\SYSTEM32\profapi.dll
0x00007ffe78090000 - 0x00007ffe780a8000 	c:\Users\jhame\.vscode\extensions\redhat.java-1.53.0-win32-x64\jre\21.0.10-win32-x86_64\bin\zip.dll
0x00007ffedeb50000 - 0x00007ffedeb60000 	C:\Users\jhame\.vscode\extensions\redhat.java-1.53.0-win32-x64\jre\21.0.10-win32-x86_64\bin\net.dll
0x00007ffefc3e0000 - 0x00007ffefc507000 	C:\WINDOWS\SYSTEM32\WINHTTP.dll
0x00007fff0c190000 - 0x00007fff0c1fb000 	C:\WINDOWS\system32\mswsock.dll
0x00007ffedec80000 - 0x00007ffedec96000 	C:\Users\jhame\.vscode\extensions\redhat.java-1.53.0-win32-x64\jre\21.0.10-win32-x86_64\bin\nio.dll
0x00007ffe780b0000 - 0x00007ffe780c0000 	c:\Users\jhame\.vscode\extensions\redhat.java-1.53.0-win32-x64\jre\21.0.10-win32-x86_64\bin\verify.dll
0x00007ffe97850000 - 0x00007ffe97895000 	C:\Users\jhame\AppData\Roaming\Code\User\globalStorage\redhat.java\1.53.0\config_win\org.eclipse.equinox.launcher\org.eclipse.equinox.launcher.win32.win32.x86_64_1.3.0.v20260203-2149\eclipse_11919.dll
0x00007fff0fb40000 - 0x00007fff0fcd7000 	C:\WINDOWS\System32\ole32.dll
0x00007fff0c460000 - 0x00007fff0c47b000 	C:\WINDOWS\SYSTEM32\CRYPTSP.dll
0x00007fff0bb80000 - 0x00007fff0bbb9000 	C:\WINDOWS\system32\rsaenh.dll
0x00007fff0c240000 - 0x00007fff0c26b000 	C:\WINDOWS\SYSTEM32\USERENV.dll
0x00007fff0cd70000 - 0x00007fff0cd9a000 	C:\WINDOWS\SYSTEM32\bcrypt.dll
0x00007fff0c480000 - 0x00007fff0c48c000 	C:\WINDOWS\SYSTEM32\CRYPTBASE.dll
0x00007fff0b6d0000 - 0x00007fff0b704000 	C:\WINDOWS\SYSTEM32\IPHLPAPI.DLL
0x00007fff0fb30000 - 0x00007fff0fb3a000 	C:\WINDOWS\System32\NSI.dll
0x00007ffe975f0000 - 0x00007ffe97639000 	C:\Users\jhame\AppData\Local\Temp\jna-101088187\jna282193637921151535.dll
0x00007fff104c0000 - 0x00007fff104c8000 	C:\WINDOWS\System32\PSAPI.DLL
0x00007ffefc5c0000 - 0x00007ffefc5de000 	C:\WINDOWS\SYSTEM32\dhcpcsvc6.DLL
0x00007ffefc590000 - 0x00007ffefc5b3000 	C:\WINDOWS\SYSTEM32\dhcpcsvc.DLL
0x00007ffec8250000 - 0x00007ffec8277000 	C:\Users\jhame\.gradle\native\1def1411415f61bf3af743bc5b6707747c0891f09f0c88961ee8f79bc544acac\windows-amd64\native-platform.dll
0x00007ffedebc0000 - 0x00007ffedebca000 	C:\Users\jhame\.vscode\extensions\redhat.java-1.53.0-win32-x64\jre\21.0.10-win32-x86_64\bin\management.dll
0x00007ffedeb60000 - 0x00007ffedeb6c000 	C:\Users\jhame\.vscode\extensions\redhat.java-1.53.0-win32-x64\jre\21.0.10-win32-x86_64\bin\management_ext.dll
0x00007ffe978f0000 - 0x00007ffe978f9000 	C:\Users\jhame\.vscode\extensions\redhat.java-1.53.0-win32-x64\jre\21.0.10-win32-x86_64\bin\extnet.dll
0x00007ffe97900000 - 0x00007ffe9790e000 	C:\Users\jhame\.vscode\extensions\redhat.java-1.53.0-win32-x64\jre\21.0.10-win32-x86_64\bin\sunmscapi.dll
0x00007fff0d330000 - 0x00007fff0d4a7000 	C:\WINDOWS\System32\CRYPT32.dll
0x00007fff0c680000 - 0x00007fff0c6b0000 	C:\WINDOWS\SYSTEM32\ncrypt.dll
0x00007fff0c630000 - 0x00007fff0c66f000 	C:\WINDOWS\SYSTEM32\NTASN1.dll
0x00007ffedf690000 - 0x00007ffedf698000 	C:\WINDOWS\system32\wshunix.dll

JVMTI agents:
c:\Users\jhame\.vscode\extensions\redhat.java-1.53.0-win32-x64\lombok\lombok-1.18.39-4050.jar path:c:\Users\jhame\.vscode\extensions\redhat.java-1.53.0-win32-x64\jre\21.0.10-win32-x86_64\bin\instrument.dll, loaded, initialized, instrumentlib options:none

dbghelp: loaded successfully - version: 4.0.5 - missing functions: none
symbol engine: initialized successfully - sym options: 0x614 - pdb path: .;c:\Users\jhame\.vscode\extensions\redhat.java-1.53.0-win32-x64\jre\21.0.10-win32-x86_64\bin;C:\WINDOWS\SYSTEM32;C:\WINDOWS\WinSxS\amd64_microsoft.windows.common-controls_6595b64144ccf1df_6.0.26100.7824_none_3e0870b2e3345462;c:\Users\jhame\.vscode\extensions\redhat.java-1.53.0-win32-x64\jre\21.0.10-win32-x86_64\bin\server;C:\Users\jhame\AppData\Roaming\Code\User\globalStorage\redhat.java\1.53.0\config_win\org.eclipse.equinox.launcher\org.eclipse.equinox.launcher.win32.win32.x86_64_1.3.0.v20260203-2149;C:\Users\jhame\AppData\Local\Temp\jna-101088187;C:\Users\jhame\.gradle\native\1def1411415f61bf3af743bc5b6707747c0891f09f0c88961ee8f79bc544acac\windows-amd64

VM Arguments:
jvm_args: --add-modules=ALL-SYSTEM --add-opens=java.base/java.util=ALL-UNNAMED --add-opens=java.base/java.lang=ALL-UNNAMED --add-opens=java.base/sun.nio.fs=ALL-UNNAMED -Declipse.application=org.eclipse.jdt.ls.core.id1 -Dosgi.bundles.defaultStartLevel=4 -Declipse.product=org.eclipse.jdt.ls.core.product -Djava.import.generatesMetadataFilesAtProjectRoot=false -DDetectVMInstallationsJob.disabled=true -Dfile.encoding=utf8 -XX:+UseParallelGC -XX:GCTimeRatio=4 -XX:AdaptiveSizePolicyWeight=90 -Dsun.zip.disableMemoryMapping=true -Xmx2G -Xms100m -Xlog:disable -javaagent:c:\Users\jhame\.vscode\extensions\redhat.java-1.53.0-win32-x64\lombok\lombok-1.18.39-4050.jar -XX:+HeapDumpOnOutOfMemoryError -XX:HeapDumpPath=c:\Users\jhame\AppData\Roaming\Code\User\workspaceStorage\3768297715c186dd486f6bcece552bda\redhat.java -Daether.dependencyCollector.impl=bf 
java_command: c:\Users\jhame\.vscode\extensions\redhat.java-1.53.0-win32-x64\server\plugins\org.eclipse.equinox.launcher_1.7.100.v20251111-0406.jar -configuration c:\Users\jhame\AppData\Roaming\Code\User\globalStorage\redhat.java\1.53.0\config_win -data c:\Users\jhame\AppData\Roaming\Code\User\workspaceStorage\3768297715c186dd486f6bcece552bda\redhat.java\jdt_ws --pipe=\\.\pipe\lsp-df237dbf4c5c6b7c9064113bfd64347b-sock
java_class_path (initial): c:\Users\jhame\.vscode\extensions\redhat.java-1.53.0-win32-x64\server\plugins\org.eclipse.equinox.launcher_1.7.100.v20251111-0406.jar
Launcher Type: SUN_STANDARD

[Global flags]
    uintx AdaptiveSizePolicyWeight                 = 90                                        {product} {command line}
     intx CICompilerCount                          = 4                                         {product} {ergonomic}
    uintx GCTimeRatio                              = 4                                         {product} {command line}
     bool HeapDumpOnOutOfMemoryError               = true                                   {manageable} {command line}
    ccstr HeapDumpPath                             = c:\Users\jhame\AppData\Roaming\Code\User\workspaceStorage\3768297715c186dd486f6bcece552bda\redhat.java         {manageable} {command line}
   size_t InitialHeapSize                          = 104857600                                 {product} {command line}
   size_t MaxHeapSize                              = 2147483648                                {product} {command line}
   size_t MaxNewSize                               = 715653120                                 {product} {ergonomic}
   size_t MinHeapDeltaBytes                        = 524288                                    {product} {ergonomic}
   size_t MinHeapSize                              = 104857600                                 {product} {command line}
   size_t NewSize                                  = 34603008                                  {product} {ergonomic}
    uintx NonNMethodCodeHeapSize                   = 5839372                                {pd product} {ergonomic}
    uintx NonProfiledCodeHeapSize                  = 122909434                              {pd product} {ergonomic}
   size_t OldSize                                  = 70254592                                  {product} {ergonomic}
    uintx ProfiledCodeHeapSize                     = 122909434                              {pd product} {ergonomic}
    uintx ReservedCodeCacheSize                    = 251658240                              {pd product} {ergonomic}
     bool SegmentedCodeCache                       = true                                      {product} {ergonomic}
   size_t SoftMaxHeapSize                          = 2147483648                             {manageable} {ergonomic}
     bool UseCompressedOops                        = true                           {product lp64_product} {ergonomic}
     bool UseLargePagesIndividualAllocation        = false                                  {pd product} {ergonomic}
     bool UseParallelGC                            = true                                      {product} {command line}

Logging:
Log output configuration:
 #0: stdout all=off uptime,level,tags foldmultilines=false
 #1: stderr all=off uptime,level,tags foldmultilines=false

Release file:
JAVA_VERSION="21.0.10" 
MODULES="java.base java.compiler java.datatransfer java.xml java.prefs java.desktop java.instrument java.logging java.management java.security.sasl java.naming java.rmi java.management.rmi java.net.http java.scripting java.security.jgss java.transaction.xa java.sql java.sql.rowset java.xml.crypto java.se java.smartcardio jdk.accessibility jdk.internal.jvmstat jdk.attach jdk.charsets jdk.internal.opt jdk.zipfs jdk.compiler jdk.crypto.ec jdk.crypto.cryptoki jdk.crypto.mscapi jdk.dynalink jdk.internal.ed jdk.editpad jdk.hotspot.agent jdk.httpserver jdk.internal.le jdk.internal.vm.ci jdk.internal.vm.compiler jdk.internal.vm.compiler.management jdk.jartool jdk.javadoc jdk.jcmd jdk.management jdk.management.agent jdk.jconsole jdk.jdeps jdk.jdwp.agent jdk.jdi jdk.jfr jdk.jshell jdk.jsobject jdk.jstatd jdk.localedata jdk.management.jfr jdk.naming.dns jdk.naming.rmi jdk.net jdk.nio.mapmode jdk.random jdk.sctp jdk.security.auth jdk.security.jgss jdk.unsupported jdk.unsupported.desktop jdk.xml.dom" 

Environment Variables:
JAVA_HOME=C:\Program Files\Microsoft\jdk-17.0.17.10-hotspot\
PATH=C:\Users\jhame\AppData\Local\Programs\Microsoft VS Code;C:\Program Files\Microsoft\jdk-17.0.17.10-hotspot\bin;C:\Program Files\Python314\Scripts\;C:\Program Files\Python314\;C:\Program Files\Eclipse Adoptium\jdk-21.0.7.6-hotspot\bin;C:\Program Files (x86)\Common Files\Oracle\Java\javapath;C:\Program Files (x86)\Common Files\Intel\Shared Libraries\redist\intel64\compiler;C:\Windows\system32;C:\Windows;C:\Windows\System32\Wbem;C:\Windows\System32\WindowsPowerShell\v1.0\;C:\Windows\System32\OpenSSH\;C:\Program Files (x86)\NVIDIA Corporation\PhysX\Common;C:\Program Files\NVIDIA Corporation\NVIDIA NvDLISR;C:\WINDOWS\system32;C:\WINDOWS;C:\WINDOWS\System32\Wbem;C:\WINDOWS\System32\WindowsPowerShell\v1.0\;C:\WINDOWS\System32\OpenSSH\;C:\Program Files\Cloudflare\Cloudflare WARP\;C:\Program Files\Git\cmd;C:\xampp\php;C:\ProgramData\ComposerSetup\bin;C:\Program Files\Docker\Docker\resources\bin;C:\ProgramData\chocolatey\bin;C:\Program Files\nodejs\;C:\Users\jhame\AppData\Local\Android\Sdk\platform-tools;C:\Program Files\PowerShell\7-preview\preview;C:\Users\jhame\Desktop\php-8.5.3-nts-Win32-vs17-x64;C:\Users\jhame\scoop\shims;C:\Users\jhame\AppData\Local\Microsoft\WindowsApps;C:\Users\jhame\AppData\Local\Programs\Microsoft VS Code\bin;C:\Users\jhame\AppData\Roaming\Composer\vendor\bin;C:\Users\jhame\AppData\Local\Programs\Windsurf\bin;C:\Users\jhame\AppData\Roaming\npm;C:\Users\jhame\AppData\Local\Programs\cursor\resources\app\bin
USERNAME=jhame
OS=Windows_NT
PROCESSOR_IDENTIFIER=Intel64 Family 6 Model 154 Stepping 3, GenuineIntel
TMP=C:\Users\jhame\AppData\Local\Temp
TEMP=C:\Users\jhame\AppData\Local\Temp




Periodic native trim disabled

---------------  S Y S T E M  ---------------

OS:
 Windows 11 , 64 bit Build 26100 (10.0.26100.7705)
OS uptime: 0 days 1:10 hours
Hyper-V role detected

CPU: total 12 (initial active 12) (6 cores per cpu, 2 threads per core) family 6 model 154 stepping 3 microcode 0x419, cx8, cmov, fxsr, ht, mmx, 3dnowpref, sse, sse2, sse3, ssse3, sse4.1, sse4.2, popcnt, lzcnt, tsc, tscinvbit, avx, avx2, aes, erms, clmul, bmi1, bmi2, adx, sha, fma, vzeroupper, clflush, clflushopt, clwb, hv, serialize, rdtscp, rdpid, fsrm, f16c, cet_ibt, cet_ss
Processor Information for processor 0
  Max Mhz: 2000, Current Mhz: 2000, Mhz Limit: 2000
Processor Information for processor 1
  Max Mhz: 2000, Current Mhz: 2000, Mhz Limit: 2000
Processor Information for processor 2
  Max Mhz: 2000, Current Mhz: 2000, Mhz Limit: 2000
Processor Information for processor 3
  Max Mhz: 2000, Current Mhz: 2000, Mhz Limit: 2000
Processor Information for processor 4
  Max Mhz: 2000, Current Mhz: 2000, Mhz Limit: 2000
Processor Information for processor 5
  Max Mhz: 2000, Current Mhz: 2000, Mhz Limit: 2000
Processor Information for processor 6
  Max Mhz: 2000, Current Mhz: 2000, Mhz Limit: 2000
Processor Information for processor 7
  Max Mhz: 2000, Current Mhz: 2000, Mhz Limit: 2000
Processor Information for processor 8
  Max Mhz: 2000, Current Mhz: 1500, Mhz Limit: 1500
Processor Information for processor 9
  Max Mhz: 2000, Current Mhz: 1500, Mhz Limit: 1500
Processor Information for processor 10
  Max Mhz: 2000, Current Mhz: 1500, Mhz Limit: 1500
Processor Information for processor 11
  Max Mhz: 2000, Current Mhz: 1500, Mhz Limit: 1500

Memory: 4k page, system-wide physical 7896M (77M free)
TotalPageFile size 25113M (AvailPageFile size 34M)
current process WorkingSet (physical memory assigned to process): 8M, peak: 326M
current process commit charge ("private bytes"): 484M, peak: 519M

vm_info: OpenJDK 64-Bit Server VM (21.0.10+7-LTS) for windows-amd64 JRE (21.0.10+7-LTS), built on 2026-01-20T00:00:00Z by "admin" with MS VC++ 17.12 (VS2022)

END.
